2024/04/19 14:47:36.206,INFO,Logger起動
2024/04/19 14:47:36.235,METHOD_IN,PLC_IF.Open(DUMMY;PLC_DUMMY;192.168.0.10;5000)
2024/04/19 14:47:36.660,METHOD_OUT,PLC_IF.Open : STATUS_SUCCESS
2024/04/19 14:47:36.808,METHOD_IN,frmMain Start()
2024/04/19 14:47:36.817,METHOD_IN,frmMain Thread_Cycle()
2024/04/19 14:47:36.824,METHOD_OUT,frmMain Start : STATUS_SUCCESS
2024/04/19 14:47:38.216,METHOD_IN,frmMain ThreadStart()
2024/04/19 14:47:38.226,METHOD_IN,frmMain Thread_Cycle()
2024/04/19 14:47:38.230,METHOD_OUT,frmMain ThreadStart : STATUS_SUCCESS
2024/04/19 14:47:55.706,INFO,受信 : 起動通知
2024/04/19 14:47:55.707,INFO,送信 : 起動通知応答
2024/04/19 14:47:55.710,INFO,受信 : 起動通知
2024/04/19 14:47:55.710,INFO,送信 : 起動通知応答
2024/04/19 14:47:56.169,INFO,受信 : ログイン通知
2024/04/19 14:47:56.169,INFO,送信 : ログイン通知応答
2024/04/19 14:47:57.882,INFO,送信 : 作業Itemリスト取得要求
2024/04/19 14:47:57.887,INFO,受信 : 作業Itemリスト取得要求応答
2024/04/19 14:47:58.019,INFO,受信 : 作業Itemリストデータ通知
2024/04/19 14:47:58.070,INFO,受信 : 作業Itemリストデータ通知
2024/04/19 14:47:58.081,INFO,送信 : 作業Itemリスト取得完了通知応答
2024/04/19 14:47:58.965,ERROR,frmMain CreateWorkInfo() : System.ArgumentOutOfRangeException: Index was out of range. Must be non-negative and less than the size of the collection. (Parameter 'index')
   at System.Collections.Generic.List`1.get_Item(Int32 index)
   at GA6_ControlApp.PlcThread.CreateWorkInfo() in D:\work\PROJECT\MHIET\GA6外観検査\soft\PC\GA6_ControlApp\GA6_ControlApp\PlcThread.cs:line 338
2024/04/19 14:48:06.972,INFO,送信 : 作業ID開始要求
2024/04/19 14:48:06.976,INFO,受信 : 作業ID開始要求応答
2024/04/19 14:48:07.973,SYSTEM,作業IDインデックス : 0   角度インデックス : 0
2024/04/19 14:48:07.975,INFO,送信 : Start要求
2024/04/19 14:48:08.908,INFO,受信 : Start要求応答   (結果 -> OK)
2024/04/19 14:48:10.299,INFO,受信 : 作業Item完了通知(マッチング)
