2024/04/19 16:01:57.102,INFO,Logger起動
2024/04/19 16:01:57.154,METHOD_IN,PLC_IF.Open(DUMMY;PLC_DUMMY;192.168.0.10;5000)
2024/04/19 16:01:57.451,METHOD_OUT,PLC_IF.Open : STATUS_SUCCESS
2024/04/19 16:01:57.545,METHOD_IN,frmMain Start()
2024/04/19 16:01:57.552,METHOD_IN,frmMain Thread_Cycle()
2024/04/19 16:01:57.561,METHOD_OUT,frmMain Start : STATUS_SUCCESS
2024/04/19 16:01:58.196,METHOD_IN,frmMain ThreadStart()
2024/04/19 16:01:58.203,METHOD_IN,frmMain Thread_Cycle()
2024/04/19 16:01:58.211,METHOD_OUT,frmMain ThreadStart : STATUS_SUCCESS
2024/04/19 16:01:59.729,INFO,受信 : 起動通知
2024/04/19 16:01:59.729,INFO,送信 : 起動通知応答
2024/04/19 16:01:59.733,INFO,受信 : 起動通知
2024/04/19 16:01:59.733,INFO,送信 : 起動通知応答
2024/04/19 16:01:59.736,INFO,受信 : ログイン通知
2024/04/19 16:01:59.736,INFO,送信 : ログイン通知応答
2024/04/19 16:01:59.739,INFO,受信 : ログイン通知
2024/04/19 16:01:59.739,INFO,送信 : ログイン通知応答
2024/04/19 16:02:01.572,INFO,送信 : 作業Itemリスト取得要求
2024/04/19 16:02:01.576,INFO,受信 : 作業Itemリスト取得要求応答
2024/04/19 16:02:01.718,INFO,受信 : 作業Itemリストデータ通知
2024/04/19 16:02:01.765,INFO,受信 : 作業Itemリストデータ通知
2024/04/19 16:02:01.771,INFO,送信 : 作業Itemリスト取得完了通知応答
2024/04/19 16:02:02.653,ERROR,frmMain CreateWorkInfo() : System.ArgumentOutOfRangeException: Index was out of range. Must be non-negative and less than the size of the collection. (Parameter 'index')
   at System.Collections.Generic.List`1.get_Item(Int32 index)
   at GA6_ControlApp.PlcThread.CreateWorkInfo() in D:\work\PROJECT\MHIET\GA6外観検査\soft\PC\GA6_ControlApp\GA6_ControlApp\PlcThread.cs:line 338
2024/04/19 16:02:21.668,INFO,送信 : 作業ID開始要求
2024/04/19 16:02:21.673,INFO,受信 : 作業ID開始要求応答
2024/04/19 16:02:22.669,SYSTEM,作業IDインデックス : 0   角度インデックス : 0
2024/04/19 16:02:22.671,INFO,送信 : Start要求
2024/04/19 16:02:23.601,INFO,受信 : Start要求応答   (結果 -> OK)
2024/04/19 16:02:27.588,INFO,受信 : 作業Item完了通知(マッチング)
2024/04/19 16:02:27.589,INFO,送信 : 作業Item完了通知応答
2024/04/19 16:02:27.594,INFO,受信 : 作業ID完了通知
2024/04/19 16:02:27.595,INFO,送信 : 作業ID完了通知応答
2024/04/19 16:02:27.673,INFO,送信 : 作業ID開始要求
2024/04/19 16:02:27.677,INFO,受信 : 作業ID開始要求応答
2024/04/19 16:02:28.674,SYSTEM,作業IDインデックス : 0   角度インデックス : 0
2024/04/19 16:02:28.674,INFO,送信 : Start要求
2024/04/19 16:02:29.905,INFO,受信 : Start要求応答   (結果 -> OK)
