2024/04/19 14:35:48.990,INFO,Logger起動
2024/04/19 14:35:49.043,METHOD_IN,PLC_IF.Open(DUMMY;PLC_DUMMY;192.168.0.10;5000)
2024/04/19 14:35:49.875,METHOD_OUT,PLC_IF.Open : STATUS_SUCCESS
2024/04/19 14:35:50.181,METHOD_IN,frmMain Start()
2024/04/19 14:35:50.241,METHOD_IN,frmMain Thread_Cycle()
2024/04/19 14:35:50.241,METHOD_OUT,frmMain Start : STATUS_SUCCESS
2024/04/19 14:35:52.022,METHOD_IN,frmMain ThreadStart()
2024/04/19 14:35:52.036,METHOD_OUT,frmMain ThreadStart : STATUS_SUCCESS
2024/04/19 14:35:52.036,METHOD_IN,frmMain Thread_Cycle()
2024/04/19 14:35:55.922,INFO,受信 : システム停止通知
2024/04/19 14:36:26.633,INFO,受信 : 起動通知
2024/04/19 14:36:26.638,INFO,送信 : 起動通知応答
2024/04/19 14:36:28.214,INFO,受信 : ログイン通知
2024/04/19 14:36:28.214,INFO,送信 : ログイン通知応答
2024/04/19 14:36:29.291,INFO,送信 : 作業Itemリスト取得要求
2024/04/19 14:36:29.296,INFO,受信 : 作業Itemリスト取得要求応答
2024/04/19 14:36:29.437,INFO,受信 : 作業Itemリストデータ通知
2024/04/19 14:36:29.479,INFO,受信 : 作業Itemリストデータ通知
2024/04/19 14:36:29.481,INFO,送信 : 作業Itemリスト取得完了通知応答
2024/04/19 14:36:30.358,ERROR,frmMain CreateWorkInfo() : System.ArgumentOutOfRangeException: Index was out of range. Must be non-negative and less than the size of the collection. (Parameter 'index')
   at System.Collections.Generic.List`1.get_Item(Int32 index)
   at GA6_ControlApp.PlcThread.CreateWorkInfo() in D:\work\PROJECT\MHIET\GA6外観検査\soft\PC\GA6_ControlApp\GA6_ControlApp\PlcThread.cs:line 338
2024/04/19 14:37:18.400,INFO,送信 : 作業ID開始要求
2024/04/19 14:37:18.406,INFO,受信 : 作業ID開始要求応答
2024/04/19 14:37:19.403,SYSTEM,作業IDインデックス : 0   角度インデックス : 0
2024/04/19 14:37:19.406,INFO,送信 : Start要求
2024/04/19 14:37:20.356,INFO,受信 : Start要求応答   (結果 -> OK)
2024/04/19 14:37:21.840,INFO,受信 : 作業Item完了通知(マッチング)
