2024/04/19 14:39:48.747,INFO,Logger起動
2024/04/19 14:39:48.764,METHOD_IN,PLC_IF.Open(DUMMY;PLC_DUMMY;192.168.0.10;5000)
2024/04/19 14:39:49.150,METHOD_OUT,PLC_IF.Open : STATUS_SUCCESS
2024/04/19 14:39:49.250,METHOD_IN,frmMain Start()
2024/04/19 14:39:49.257,METHOD_IN,frmMain Thread_Cycle()
2024/04/19 14:39:49.266,METHOD_OUT,frmMain Start : STATUS_SUCCESS
2024/04/19 14:39:49.912,METHOD_IN,frmMain ThreadStart()
2024/04/19 14:39:49.922,METHOD_IN,frmMain Thread_Cycle()
2024/04/19 14:39:49.924,METHOD_OUT,frmMain ThreadStart : STATUS_SUCCESS
2024/04/19 14:39:52.343,INFO,受信 : 起動通知
2024/04/19 14:39:52.344,INFO,送信 : 起動通知応答
2024/04/19 14:39:52.347,INFO,受信 : 起動通知
2024/04/19 14:39:52.347,INFO,送信 : 起動通知応答
2024/04/19 14:39:52.350,INFO,受信 : ログイン通知
2024/04/19 14:39:52.350,INFO,送信 : ログイン通知応答
2024/04/19 14:39:52.353,INFO,受信 : ログイン通知
2024/04/19 14:39:52.353,INFO,送信 : ログイン通知応答
2024/04/19 14:39:54.292,INFO,送信 : 作業Itemリスト取得要求
2024/04/19 14:39:54.297,INFO,受信 : 作業Itemリスト取得要求応答
2024/04/19 14:39:54.438,INFO,受信 : 作業Itemリストデータ通知
2024/04/19 14:39:54.484,INFO,受信 : 作業Itemリストデータ通知
2024/04/19 14:39:54.487,INFO,送信 : 作業Itemリスト取得完了通知応答
2024/04/19 14:39:55.382,ERROR,frmMain CreateWorkInfo() : System.ArgumentOutOfRangeException: Index was out of range. Must be non-negative and less than the size of the collection. (Parameter 'index')
   at System.Collections.Generic.List`1.get_Item(Int32 index)
   at GA6_ControlApp.PlcThread.CreateWorkInfo() in D:\work\PROJECT\MHIET\GA6外観検査\soft\PC\GA6_ControlApp\GA6_ControlApp\PlcThread.cs:line 338
2024/04/19 14:40:00.390,INFO,送信 : 作業ID開始要求
2024/04/19 14:40:00.395,INFO,受信 : 作業ID開始要求応答
2024/04/19 14:40:01.391,SYSTEM,作業IDインデックス : 0   角度インデックス : 0
2024/04/19 14:40:01.391,INFO,送信 : Start要求
2024/04/19 14:40:02.314,INFO,受信 : Start要求応答   (結果 -> OK)
2024/04/19 14:40:03.891,INFO,受信 : 作業Item完了通知(マッチング)
2024/04/19 14:40:05.255,INFO,送信 : 作業Item完了通知応答
