2024/04/19 14:48:26.603,INFO,Logger起動
2024/04/19 14:48:26.718,METHOD_IN,PLC_IF.Open(DUMMY;PLC_DUMMY;192.168.0.10;5000)
2024/04/19 14:48:27.829,METHOD_OUT,PLC_IF.Open : STATUS_SUCCESS
2024/04/19 14:48:28.911,METHOD_IN,frmMain Start()
2024/04/19 14:48:28.946,METHOD_OUT,frmMain Start : STATUS_SUCCESS
2024/04/19 14:48:28.991,METHOD_IN,frmMain Thread_Cycle()
2024/04/19 14:48:31.003,METHOD_IN,frmMain ThreadStart()
2024/04/19 14:48:31.011,METHOD_IN,frmMain Thread_Cycle()
2024/04/19 14:48:31.018,METHOD_OUT,frmMain ThreadStart : STATUS_SUCCESS
2024/04/19 14:48:51.089,INFO,受信 : 起動通知
2024/04/19 14:48:51.090,INFO,送信 : 起動通知応答
2024/04/19 14:48:52.518,INFO,受信 : ログイン通知
2024/04/19 14:48:52.518,INFO,送信 : ログイン通知応答
2024/04/19 14:48:54.058,INFO,送信 : 作業Itemリスト取得要求
2024/04/19 14:48:54.063,INFO,受信 : 作業Itemリスト取得要求応答
2024/04/19 14:48:54.194,INFO,受信 : 作業Itemリストデータ通知
2024/04/19 14:48:54.234,INFO,受信 : 作業Itemリストデータ通知
2024/04/19 14:48:54.282,INFO,受信 : 作業Itemリストデータ通知
2024/04/19 14:48:54.284,INFO,送信 : 作業Itemリスト取得完了通知応答
2024/04/19 14:48:55.122,ERROR,frmMain CreateWorkInfo() : System.ArgumentOutOfRangeException: Index was out of range. Must be non-negative and less than the size of the collection. (Parameter 'index')
   at System.Collections.Generic.List`1.get_Item(Int32 index)
   at GA6_ControlApp.PlcThread.CreateWorkInfo() in D:\work\PROJECT\MHIET\GA6外観検査\soft\PC\GA6_ControlApp\GA6_ControlApp\PlcThread.cs:line 338
2024/04/19 14:49:01.128,INFO,送信 : 作業ID開始要求
2024/04/19 14:49:01.137,INFO,受信 : 作業ID開始要求応答
2024/04/19 14:49:02.130,SYSTEM,作業IDインデックス : 0   角度インデックス : 0
2024/04/19 14:49:02.131,INFO,送信 : Start要求
2024/04/19 14:49:03.051,INFO,受信 : Start要求応答   (結果 -> OK)
2024/04/19 14:49:04.445,INFO,受信 : 作業Item完了通知(マッチング)
2024/04/19 14:49:04.445,INFO,送信 : 作業Item完了通知応答
2024/04/19 14:49:04.450,INFO,受信 : 作業ID完了通知
2024/04/19 14:49:07.450,INFO,受信 : タイムアウト通知
