2024/04/19 13:59:38.705,INFO,Logger起動
2024/04/19 13:59:38.721,METHOD_IN,PLC_IF.Open(DUMMY;PLC_DUMMY;192.168.0.10;5000)
2024/04/19 13:59:39.174,METHOD_OUT,PLC_IF.Open : STATUS_SUCCESS
2024/04/19 13:59:39.256,METHOD_IN,frmMain Start()
2024/04/19 13:59:39.271,METHOD_IN,frmMain Thread_Cycle()
2024/04/19 13:59:39.273,METHOD_OUT,frmMain Start : STATUS_SUCCESS
2024/04/19 13:59:41.847,METHOD_IN,frmMain ThreadStart()
2024/04/19 13:59:41.895,METHOD_OUT,frmMain ThreadStart : STATUS_SUCCESS
2024/04/19 13:59:42.299,METHOD_IN,frmMain Thread_Cycle()
2024/04/19 13:59:43.932,INFO,受信 : 起動通知
2024/04/19 13:59:43.934,INFO,送信 : 起動通知応答
2024/04/19 13:59:44.440,INFO,受信 : ログイン通知
2024/04/19 13:59:44.440,INFO,送信 : ログイン通知応答
2024/04/19 13:59:46.313,INFO,送信 : 作業Itemリスト取得要求
2024/04/19 13:59:46.319,INFO,受信 : 作業Itemリスト取得要求応答
2024/04/19 13:59:46.449,INFO,受信 : 作業Itemリストデータ通知
2024/04/19 13:59:46.505,INFO,受信 : 作業Itemリストデータ通知
2024/04/19 13:59:46.509,INFO,送信 : 作業Itemリスト取得完了通知応答
2024/04/19 13:59:47.387,ERROR,frmMain CreateWorkInfo() : System.ArgumentOutOfRangeException: Index was out of range. Must be non-negative and less than the size of the collection. (Parameter 'index')
   at System.Collections.Generic.List`1.get_Item(Int32 index)
   at GA6_ControlApp.PlcThread.CreateWorkInfo() in D:\work\PROJECT\MHIET\GA6外観検査\soft\PC\GA6_ControlApp\GA6_ControlApp\PlcThread.cs:line 338
2024/04/19 13:59:52.393,INFO,送信 : 作業ID開始要求
2024/04/19 13:59:52.398,INFO,受信 : 作業ID開始要求応答
2024/04/19 13:59:53.394,SYSTEM,作業IDインデックス : 0   角度インデックス : 0
2024/04/19 13:59:53.395,INFO,送信 : Start要求
2024/04/19 13:59:54.314,INFO,受信 : Start要求応答   (結果 -> OK)
2024/04/19 13:59:55.708,INFO,受信 : 作業Item完了通知(マッチング)
2024/04/19 13:59:55.708,INFO,送信 : 作業Item完了通知応答
2024/04/19 13:59:58.400,SYSTEM,作業IDインデックス : 0   角度インデックス : 0
2024/04/19 13:59:58.400,INFO,送信 : Start要求
2024/04/19 13:59:59.302,INFO,受信 : Start要求応答   (結果 -> OK)
2024/04/19 14:00:00.280,INFO,受信 : 作業Item完了通知(マッチング)
2024/04/19 14:00:00.280,INFO,送信 : 作業Item完了通知応答
2024/04/19 14:00:02.403,SYSTEM,作業IDインデックス : 0   角度インデックス : 0
2024/04/19 14:00:02.403,INFO,送信 : Start要求
2024/04/19 14:00:03.286,INFO,受信 : Start要求応答   (結果 -> OK)
2024/04/19 14:00:04.278,INFO,受信 : 作業Item完了通知(マッチング)
2024/04/19 14:00:04.278,INFO,送信 : 作業Item完了通知応答
