2024/04/19 16:09:45.621,INFO,Logger起動
2024/04/19 16:09:45.658,METHOD_IN,PLC_IF.Open(DUMMY;PLC_DUMMY;192.168.0.10;5000)
2024/04/19 16:09:45.975,METHOD_OUT,PLC_IF.Open : STATUS_SUCCESS
2024/04/19 16:09:46.052,METHOD_IN,frmMain Start()
2024/04/19 16:09:46.059,METHOD_IN,frmMain Thread_Cycle()
2024/04/19 16:09:46.067,METHOD_OUT,frmMain Start : STATUS_SUCCESS
2024/04/19 16:09:46.728,METHOD_IN,frmMain ThreadStart()
2024/04/19 16:09:46.733,METHOD_IN,frmMain Thread_Cycle()
2024/04/19 16:09:46.745,METHOD_OUT,frmMain ThreadStart : STATUS_SUCCESS
2024/04/19 16:10:01.628,INFO,受信 : 起動通知
2024/04/19 16:10:01.629,INFO,送信 : 起動通知応答
2024/04/19 16:10:01.632,INFO,受信 : 起動通知
2024/04/19 16:10:01.632,INFO,送信 : 起動通知応答
2024/04/19 16:10:02.104,INFO,受信 : ログイン通知
2024/04/19 16:10:02.105,INFO,送信 : ログイン通知応答
2024/04/19 16:10:03.126,INFO,送信 : 作業Itemリスト取得要求
2024/04/19 16:10:03.137,INFO,受信 : 作業Itemリスト取得要求応答
2024/04/19 16:10:03.271,INFO,受信 : 作業Itemリストデータ通知
2024/04/19 16:10:03.324,INFO,受信 : 作業Itemリストデータ通知
2024/04/19 16:10:03.326,INFO,送信 : 作業Itemリスト取得完了通知応答
2024/04/19 16:10:04.235,ERROR,frmMain CreateWorkInfo() : System.ArgumentOutOfRangeException: Index was out of range. Must be non-negative and less than the size of the collection. (Parameter 'index')
   at System.Collections.Generic.List`1.get_Item(Int32 index)
   at GA6_ControlApp.PlcThread.CreateWorkInfo() in D:\work\PROJECT\MHIET\GA6外観検査\soft\PC\GA6_ControlApp\GA6_ControlApp\PlcThread.cs:line 348
2024/04/19 16:10:08.242,INFO,***** 検査項目設定要求 ON
2024/04/19 16:10:09.244,INFO,***** 検査モードへ切り替える
2024/04/19 16:10:09.245,INFO,送信 : 作業ID開始要求
2024/04/19 16:10:09.250,INFO,受信 : 作業ID開始要求応答
2024/04/19 16:10:10.246,INFO,***** 検査
2024/04/19 16:10:10.246,SYSTEM,作業IDインデックス : 0   角度インデックス : 0
2024/04/19 16:10:10.249,INFO,送信 : Start要求
2024/04/19 16:10:11.180,INFO,受信 : Start要求応答   (結果 -> OK)
2024/04/19 16:10:12.608,INFO,受信 : 作業Item完了通知(マッチング)
2024/04/19 16:10:12.608,INFO,送信 : 作業Item完了通知応答
2024/04/19 16:10:13.250,INFO,***** 検査完了
2024/04/19 16:10:14.251,INFO,***** 検査項目設定要求 ON
2024/04/19 16:10:15.252,INFO,***** 検査
2024/04/19 16:10:15.252,SYSTEM,作業IDインデックス : 0   角度インデックス : 0
2024/04/19 16:10:15.252,INFO,送信 : Start要求
2024/04/19 16:10:16.150,INFO,受信 : Start要求応答   (結果 -> OK)
2024/04/19 16:10:17.160,INFO,受信 : 作業Item完了通知(マッチング)
2024/04/19 16:10:17.160,INFO,送信 : 作業Item完了通知応答
2024/04/19 16:10:17.254,INFO,***** 検査完了
2024/04/19 16:10:18.254,INFO,***** 検査項目設定要求 ON
2024/04/19 16:10:19.255,INFO,***** 検査
2024/04/19 16:10:19.255,SYSTEM,作業IDインデックス : 0   角度インデックス : 0
2024/04/19 16:10:19.255,INFO,送信 : Start要求
2024/04/19 16:10:20.157,INFO,受信 : Start要求応答   (結果 -> OK)
2024/04/19 16:10:21.153,INFO,受信 : 作業Item完了通知(マッチング)
2024/04/19 16:10:21.153,INFO,送信 : 作業Item完了通知応答
2024/04/19 16:10:21.257,INFO,***** 検査完了
2024/04/19 16:10:22.258,INFO,***** 検査項目設定要求 ON
2024/04/19 16:10:23.258,INFO,***** 検査
2024/04/19 16:10:23.258,SYSTEM,作業IDインデックス : 0   角度インデックス : 0
2024/04/19 16:10:23.258,INFO,送信 : Start要求
2024/04/19 16:10:24.173,INFO,受信 : Start要求応答   (結果 -> OK)
2024/04/19 16:10:25.169,INFO,受信 : 作業Item完了通知(マッチング)
2024/04/19 16:10:25.169,INFO,送信 : 作業Item完了通知応答
2024/04/19 16:10:25.260,INFO,***** 検査完了
2024/04/19 16:10:26.261,INFO,***** 検査項目設定要求 ON
2024/04/19 16:10:27.261,INFO,***** 検査
2024/04/19 16:10:27.261,SYSTEM,作業IDインデックス : 0   角度インデックス : 0
2024/04/19 16:10:27.261,INFO,送信 : Start要求
2024/04/19 16:10:28.162,INFO,受信 : Start要求応答   (結果 -> OK)
