2024/04/19 14:04:50.511,INFO,Logger起動
2024/04/19 14:04:50.548,METHOD_IN,PLC_IF.Open(DUMMY;PLC_DUMMY;192.168.0.10;5000)
2024/04/19 14:04:51.619,METHOD_OUT,PLC_IF.Open : STATUS_SUCCESS
2024/04/19 14:04:52.140,METHOD_IN,frmMain Start()
2024/04/19 14:04:52.285,METHOD_OUT,frmMain Start : STATUS_SUCCESS
2024/04/19 14:04:52.296,METHOD_IN,frmMain Thread_Cycle()
2024/04/19 14:04:54.418,METHOD_IN,frmMain ThreadStart()
2024/04/19 14:04:54.426,METHOD_IN,frmMain Thread_Cycle()
2024/04/19 14:04:54.430,METHOD_OUT,frmMain ThreadStart : STATUS_SUCCESS
2024/04/19 14:04:58.598,INFO,受信 : 起動通知
2024/04/19 14:04:58.599,INFO,送信 : 起動通知応答
2024/04/19 14:04:58.602,INFO,受信 : 起動通知
2024/04/19 14:04:58.602,INFO,送信 : 起動通知応答
2024/04/19 14:04:58.663,INFO,受信 : ログイン通知
2024/04/19 14:04:58.663,INFO,送信 : ログイン通知応答
2024/04/19 14:04:58.667,INFO,受信 : ログイン通知
2024/04/19 14:04:58.667,INFO,送信 : ログイン通知応答
2024/04/19 14:05:00.346,INFO,送信 : 作業Itemリスト取得要求
2024/04/19 14:05:00.351,INFO,受信 : 作業Itemリスト取得要求応答
2024/04/19 14:05:00.482,INFO,受信 : 作業Itemリストデータ通知
2024/04/19 14:05:00.535,INFO,受信 : 作業Itemリストデータ通知
2024/04/19 14:05:00.540,INFO,送信 : 作業Itemリスト取得完了通知応答
2024/04/19 14:05:01.433,ERROR,frmMain CreateWorkInfo() : System.ArgumentOutOfRangeException: Index was out of range. Must be non-negative and less than the size of the collection. (Parameter 'index')
   at System.Collections.Generic.List`1.get_Item(Int32 index)
   at GA6_ControlApp.PlcThread.CreateWorkInfo() in D:\work\PROJECT\MHIET\GA6外観検査\soft\PC\GA6_ControlApp\GA6_ControlApp\PlcThread.cs:line 338
2024/04/19 14:05:24.453,INFO,送信 : 作業ID開始要求
2024/04/19 14:05:24.458,INFO,受信 : 作業ID開始要求応答
2024/04/19 14:05:25.455,SYSTEM,作業IDインデックス : 0   角度インデックス : 0
2024/04/19 14:05:25.456,INFO,送信 : Start要求
2024/04/19 14:05:26.379,INFO,受信 : Start要求応答   (結果 -> OK)
2024/04/19 14:05:27.775,INFO,受信 : 作業Item完了通知(マッチング)
2024/04/19 14:05:27.775,INFO,送信 : 作業Item完了通知応答
2024/04/19 14:05:28.459,INFO,送信 : 作業ID開始要求
2024/04/19 14:05:28.463,INFO,受信 : 作業ID開始要求応答
2024/04/19 14:05:30.461,SYSTEM,作業IDインデックス : 0   角度インデックス : 0
2024/04/19 14:05:30.461,INFO,送信 : Start要求
2024/04/19 14:05:31.373,INFO,受信 : Start要求応答   (結果 -> OK)
2024/04/19 14:05:32.349,INFO,受信 : 作業Item完了通知(マッチング)
2024/04/19 14:05:32.349,INFO,送信 : 作業Item完了通知応答
2024/04/19 14:05:33.464,INFO,送信 : 作業ID開始要求
2024/04/19 14:05:33.469,INFO,受信 : 作業ID開始要求応答
2024/04/19 14:05:36.465,SYSTEM,作業IDインデックス : 0   角度インデックス : 0
2024/04/19 14:05:36.465,INFO,送信 : Start要求
2024/04/19 14:05:37.357,INFO,受信 : Start要求応答   (結果 -> OK)
2024/04/19 14:05:38.328,INFO,受信 : 作業Item完了通知(マッチング)
2024/04/19 14:05:38.328,INFO,送信 : 作業Item完了通知応答
2024/04/19 14:05:38.467,INFO,送信 : 作業ID開始要求
2024/04/19 14:05:38.471,INFO,受信 : 作業ID開始要求応答
2024/04/19 14:05:41.470,SYSTEM,作業IDインデックス : 0   角度インデックス : 0
2024/04/19 14:05:41.470,INFO,送信 : Start要求
2024/04/19 14:05:42.380,INFO,受信 : Start要求応答   (結果 -> OK)
2024/04/19 14:05:43.363,INFO,受信 : 作業Item完了通知(マッチング)
2024/04/19 14:05:43.363,INFO,送信 : 作業Item完了通知応答
2024/04/19 14:05:43.473,INFO,送信 : 作業ID開始要求
2024/04/19 14:05:43.477,INFO,受信 : 作業ID開始要求応答
2024/04/19 14:05:46.475,SYSTEM,作業IDインデックス : 0   角度インデックス : 0
2024/04/19 14:05:46.475,INFO,送信 : Start要求
2024/04/19 14:05:47.383,INFO,受信 : Start要求応答   (結果 -> OK)
2024/04/19 14:05:48.379,INFO,受信 : 作業Item完了通知(マッチング)
2024/04/19 14:05:48.379,INFO,送信 : 作業Item完了通知応答
2024/04/19 14:05:48.476,INFO,送信 : 作業ID開始要求
2024/04/19 14:05:48.480,INFO,受信 : 作業ID開始要求応答
2024/04/19 14:05:51.478,SYSTEM,作業IDインデックス : 0   角度インデックス : 0
2024/04/19 14:05:51.478,INFO,送信 : Start要求
2024/04/19 14:05:52.377,INFO,受信 : Start要求応答   (結果 -> OK)
2024/04/19 14:05:53.361,INFO,受信 : 作業Item完了通知(マッチング)
2024/04/19 14:05:53.361,INFO,送信 : 作業Item完了通知応答
2024/04/19 14:05:53.480,INFO,送信 : 作業ID開始要求
2024/04/19 14:05:53.484,INFO,受信 : 作業ID開始要求応答
2024/04/19 14:05:56.482,SYSTEM,作業IDインデックス : 0   角度インデックス : 0
2024/04/19 14:05:56.482,INFO,送信 : Start要求
2024/04/19 14:05:57.373,INFO,受信 : Start要求応答   (結果 -> OK)
2024/04/19 14:05:58.351,INFO,受信 : 作業Item完了通知(マッチング)
2024/04/19 14:05:58.351,INFO,送信 : 作業Item完了通知応答
2024/04/19 14:05:58.484,INFO,送信 : 作業ID開始要求
2024/04/19 14:05:58.488,INFO,受信 : 作業ID開始要求応答
2024/04/19 14:06:01.486,SYSTEM,作業IDインデックス : 0   角度インデックス : 0
2024/04/19 14:06:01.486,INFO,送信 : Start要求
2024/04/19 14:06:02.385,INFO,受信 : Start要求応答   (結果 -> OK)
2024/04/19 14:06:03.360,INFO,受信 : 作業Item完了通知(マッチング)
2024/04/19 14:06:03.360,INFO,送信 : 作業Item完了通知応答
2024/04/19 14:06:03.487,INFO,送信 : 作業ID開始要求
2024/04/19 14:06:03.491,INFO,受信 : 作業ID開始要求応答
