2024/04/19 16:03:12.947,INFO,Logger起動
2024/04/19 16:03:12.983,METHOD_IN,PLC_IF.Open(DUMMY;PLC_DUMMY;192.168.0.10;5000)
2024/04/19 16:03:13.396,METHOD_OUT,PLC_IF.Open : STATUS_SUCCESS
2024/04/19 16:03:13.486,METHOD_IN,frmMain Start()
2024/04/19 16:03:13.493,METHOD_IN,frmMain Thread_Cycle()
2024/04/19 16:03:13.500,METHOD_OUT,frmMain Start : STATUS_SUCCESS
2024/04/19 16:03:14.186,METHOD_IN,frmMain ThreadStart()
2024/04/19 16:03:14.191,METHOD_IN,frmMain Thread_Cycle()
2024/04/19 16:03:14.198,METHOD_OUT,frmMain ThreadStart : STATUS_SUCCESS
2024/04/19 16:03:16.257,INFO,受信 : 起動通知
2024/04/19 16:03:16.259,INFO,送信 : 起動通知応答
2024/04/19 16:03:16.261,INFO,受信 : 起動通知
2024/04/19 16:03:16.261,INFO,送信 : 起動通知応答
2024/04/19 16:03:16.264,INFO,受信 : ログイン通知
2024/04/19 16:03:16.264,INFO,送信 : ログイン通知応答
2024/04/19 16:03:16.267,INFO,受信 : ログイン通知
2024/04/19 16:03:16.267,INFO,送信 : ログイン通知応答
2024/04/19 16:03:17.508,INFO,送信 : 作業Itemリスト取得要求
2024/04/19 16:03:17.513,INFO,受信 : 作業Itemリスト取得要求応答
2024/04/19 16:03:17.644,INFO,受信 : 作業Itemリストデータ通知
2024/04/19 16:03:17.692,INFO,受信 : 作業Itemリストデータ通知
2024/04/19 16:03:17.694,INFO,送信 : 作業Itemリスト取得完了通知応答
2024/04/19 16:03:18.583,ERROR,frmMain CreateWorkInfo() : System.ArgumentOutOfRangeException: Index was out of range. Must be non-negative and less than the size of the collection. (Parameter 'index')
   at System.Collections.Generic.List`1.get_Item(Int32 index)
   at GA6_ControlApp.PlcThread.CreateWorkInfo() in D:\work\PROJECT\MHIET\GA6外観検査\soft\PC\GA6_ControlApp\GA6_ControlApp\PlcThread.cs:line 338
2024/04/19 16:03:28.592,INFO,送信 : 作業ID開始要求
2024/04/19 16:03:28.596,INFO,受信 : 作業ID開始要求応答
2024/04/19 16:03:29.593,SYSTEM,作業IDインデックス : 0   角度インデックス : 0
2024/04/19 16:03:29.593,INFO,送信 : Start要求
2024/04/19 16:03:30.503,INFO,受信 : Start要求応答   (結果 -> OK)
2024/04/19 16:03:31.915,INFO,受信 : 作業Item完了通知(マッチング)
2024/04/19 16:03:31.915,INFO,送信 : 作業Item完了通知応答
2024/04/19 16:03:31.919,INFO,受信 : 作業ID完了通知
2024/04/19 16:03:31.919,INFO,送信 : 作業ID完了通知応答
2024/04/19 16:03:32.598,INFO,送信 : 作業ID開始要求
2024/04/19 16:03:32.602,INFO,受信 : 作業ID開始要求応答
2024/04/19 16:03:33.599,SYSTEM,作業IDインデックス : 0   角度インデックス : 0
2024/04/19 16:03:33.599,INFO,送信 : Start要求
2024/04/19 16:03:34.480,INFO,受信 : Start要求応答   (結果 -> OK)
2024/04/19 16:03:35.467,INFO,受信 : 作業Item完了通知(マッチング)
2024/04/19 16:03:35.467,INFO,送信 : 作業Item完了通知応答
2024/04/19 16:03:35.471,INFO,受信 : 作業ID完了通知
2024/04/19 16:03:35.471,INFO,送信 : 作業ID完了通知応答
2024/04/19 16:03:35.601,INFO,送信 : 作業ID開始要求
2024/04/19 16:03:35.605,INFO,受信 : 作業ID開始要求応答
2024/04/19 16:03:36.602,SYSTEM,作業IDインデックス : 0   角度インデックス : 0
2024/04/19 16:03:36.602,INFO,送信 : Start要求
2024/04/19 16:03:37.520,INFO,受信 : Start要求応答   (結果 -> OK)
2024/04/19 16:03:38.509,INFO,受信 : 作業Item完了通知(マッチング)
2024/04/19 16:03:38.509,INFO,送信 : 作業Item完了通知応答
2024/04/19 16:03:38.513,INFO,受信 : 作業ID完了通知
2024/04/19 16:03:38.513,INFO,送信 : 作業ID完了通知応答
2024/04/19 16:03:38.603,INFO,送信 : 作業ID開始要求
2024/04/19 16:03:38.607,INFO,受信 : 作業ID開始要求応答
2024/04/19 16:03:39.603,SYSTEM,作業IDインデックス : 0   角度インデックス : 0
2024/04/19 16:03:39.603,INFO,送信 : Start要求
2024/04/19 16:03:40.497,INFO,受信 : Start要求応答   (結果 -> OK)
2024/04/19 16:03:41.489,INFO,受信 : 作業Item完了通知(マッチング)
2024/04/19 16:03:41.489,INFO,送信 : 作業Item完了通知応答
2024/04/19 16:03:41.494,INFO,受信 : 作業ID完了通知
2024/04/19 16:03:41.494,INFO,送信 : 作業ID完了通知応答
2024/04/19 16:03:41.605,INFO,送信 : 作業ID開始要求
2024/04/19 16:03:41.609,INFO,受信 : 作業ID開始要求応答
2024/04/19 16:03:42.606,SYSTEM,作業IDインデックス : 0   角度インデックス : 0
2024/04/19 16:03:42.606,INFO,送信 : Start要求
2024/04/19 16:03:43.507,INFO,受信 : Start要求応答   (結果 -> OK)
2024/04/19 16:03:44.499,INFO,受信 : 作業Item完了通知(マッチング)
2024/04/19 16:03:44.499,INFO,送信 : 作業Item完了通知応答
2024/04/19 16:03:44.504,INFO,受信 : 作業ID完了通知
2024/04/19 16:03:44.504,INFO,送信 : 作業ID完了通知応答
2024/04/19 16:03:44.609,INFO,送信 : 作業ID開始要求
2024/04/19 16:03:44.613,INFO,受信 : 作業ID開始要求応答
