2024/04/19 14:46:05.657,INFO,Logger起動
2024/04/19 14:46:05.687,METHOD_IN,PLC_IF.Open(DUMMY;PLC_DUMMY;192.168.0.10;5000)
2024/04/19 14:46:06.471,METHOD_OUT,PLC_IF.Open : STATUS_SUCCESS
2024/04/19 14:46:06.719,METHOD_IN,frmMain Start()
2024/04/19 14:46:06.730,METHOD_IN,frmMain Thread_Cycle()
2024/04/19 14:46:06.736,METHOD_OUT,frmMain Start : STATUS_SUCCESS
2024/04/19 14:46:08.793,METHOD_IN,frmMain ThreadStart()
2024/04/19 14:46:08.800,METHOD_IN,frmMain Thread_Cycle()
2024/04/19 14:46:08.807,METHOD_OUT,frmMain ThreadStart : STATUS_SUCCESS
2024/04/19 14:46:15.198,INFO,受信 : システム停止通知
2024/04/19 14:46:46.666,INFO,受信 : 起動通知
2024/04/19 14:46:46.667,INFO,送信 : 起動通知応答
2024/04/19 14:46:46.670,INFO,受信 : 起動通知
2024/04/19 14:46:46.670,INFO,送信 : 起動通知応答
2024/04/19 14:46:46.961,INFO,受信 : ログイン通知
2024/04/19 14:46:46.961,INFO,送信 : ログイン通知応答
2024/04/19 14:46:48.857,INFO,送信 : 作業Itemリスト取得要求
2024/04/19 14:46:48.862,INFO,受信 : 作業Itemリスト取得要求応答
2024/04/19 14:46:48.993,INFO,受信 : 作業Itemリストデータ通知
2024/04/19 14:46:49.046,INFO,受信 : 作業Itemリストデータ通知
2024/04/19 14:46:49.048,INFO,送信 : 作業Itemリスト取得完了通知応答
2024/04/19 14:46:49.925,ERROR,frmMain CreateWorkInfo() : System.ArgumentOutOfRangeException: Index was out of range. Must be non-negative and less than the size of the collection. (Parameter 'index')
   at System.Collections.Generic.List`1.get_Item(Int32 index)
   at GA6_ControlApp.PlcThread.CreateWorkInfo() in D:\work\PROJECT\MHIET\GA6外観検査\soft\PC\GA6_ControlApp\GA6_ControlApp\PlcThread.cs:line 338
2024/04/19 14:46:53.930,INFO,送信 : 作業ID開始要求
2024/04/19 14:46:53.934,INFO,受信 : 作業ID開始要求応答
2024/04/19 14:46:54.932,SYSTEM,作業IDインデックス : 0   角度インデックス : 0
2024/04/19 14:46:54.932,INFO,送信 : Start要求
2024/04/19 14:46:56.159,INFO,受信 : Start要求応答   (結果 -> OK)
