2024/04/19 13:51:13.693,INFO,Logger起動
2024/04/19 13:51:13.719,METHOD_IN,PLC_IF.Open(DUMMY;PLC_DUMMY;192.168.0.10;5000)
2024/04/19 13:51:14.237,METHOD_OUT,PLC_IF.Open : STATUS_SUCCESS
2024/04/19 13:51:14.354,METHOD_IN,frmMain Start()
2024/04/19 13:51:14.363,METHOD_IN,frmMain Thread_Cycle()
2024/04/19 13:51:14.369,METHOD_OUT,frmMain Start : STATUS_SUCCESS
2024/04/19 13:51:15.610,METHOD_IN,frmMain ThreadStart()
2024/04/19 13:51:15.643,METHOD_IN,frmMain Thread_Cycle()
2024/04/19 13:51:15.647,METHOD_OUT,frmMain ThreadStart : STATUS_SUCCESS
2024/04/19 13:51:17.832,INFO,受信 : 起動通知
2024/04/19 13:51:17.833,INFO,送信 : 起動通知応答
2024/04/19 13:51:17.837,INFO,受信 : 起動通知
2024/04/19 13:51:17.837,INFO,送信 : 起動通知応答
2024/04/19 13:51:17.840,INFO,受信 : ログイン通知
2024/04/19 13:51:17.840,INFO,送信 : ログイン通知応答
2024/04/19 13:51:17.842,INFO,受信 : ログイン通知
2024/04/19 13:51:17.842,INFO,送信 : ログイン通知応答
2024/04/19 13:51:19.400,INFO,送信 : 作業Itemリスト取得要求
2024/04/19 13:51:19.406,INFO,受信 : 作業Itemリスト取得要求応答
2024/04/19 13:51:19.536,INFO,受信 : 作業Itemリストデータ通知
2024/04/19 13:51:19.577,INFO,受信 : 作業Itemリストデータ通知
2024/04/19 13:51:19.625,INFO,受信 : 作業Itemリストデータ通知
2024/04/19 13:51:19.627,INFO,送信 : 作業Itemリスト取得完了通知応答
2024/04/19 13:51:20.495,ERROR,frmMain CreateWorkInfo() : System.ArgumentOutOfRangeException: Index was out of range. Must be non-negative and less than the size of the collection. (Parameter 'index')
   at System.Collections.Generic.List`1.get_Item(Int32 index)
   at GA6_ControlApp.PlcThread.CreateWorkInfo() in D:\work\PROJECT\MHIET\GA6外観検査\soft\PC\GA6_ControlApp\GA6_ControlApp\PlcThread.cs:line 338
2024/04/19 13:51:26.502,INFO,送信 : 作業ID開始要求
2024/04/19 13:51:26.506,INFO,受信 : 作業ID開始要求応答
2024/04/19 13:51:27.503,SYSTEM,作業IDインデックス : 0   角度インデックス : 0
2024/04/19 13:51:27.503,INFO,送信 : Start要求
2024/04/19 13:51:28.418,INFO,受信 : Start要求応答   (結果 -> OK)
2024/04/19 13:51:29.816,INFO,受信 : 作業Item完了通知(マッチング)
2024/04/19 13:51:29.818,INFO,送信 : 作業Item完了通知応答
2024/04/19 13:51:30.505,INFO,送信 : 作業ID開始要求
2024/04/19 13:51:30.510,INFO,受信 : 作業ID開始要求応答
2024/04/19 13:51:33.509,SYSTEM,作業IDインデックス : 0   角度インデックス : 0
2024/04/19 13:51:33.509,INFO,送信 : Start要求
2024/04/19 13:51:34.399,INFO,受信 : Start要求応答   (結果 -> OK)
2024/04/19 13:51:35.384,INFO,受信 : 作業Item完了通知(マッチング)
2024/04/19 13:51:35.384,INFO,送信 : 作業Item完了通知応答
2024/04/19 13:51:35.510,INFO,送信 : 作業ID開始要求
2024/04/19 13:51:35.514,INFO,受信 : 作業ID開始要求応答
2024/04/19 13:51:40.515,SYSTEM,作業IDインデックス : 0   角度インデックス : 0
2024/04/19 13:51:40.515,INFO,送信 : Start要求
2024/04/19 13:51:41.400,INFO,受信 : Start要求応答   (結果 -> OK)
2024/04/19 13:51:42.386,INFO,受信 : 作業Item完了通知(マッチング)
2024/04/19 13:51:42.386,INFO,送信 : 作業Item完了通知応答
2024/04/19 13:51:42.517,INFO,送信 : 作業ID開始要求
2024/04/19 13:51:42.521,INFO,受信 : 作業ID開始要求応答
2024/04/19 13:51:47.520,SYSTEM,作業IDインデックス : 0   角度インデックス : 0
2024/04/19 13:51:47.520,INFO,送信 : Start要求
2024/04/19 13:51:48.430,INFO,受信 : Start要求応答   (結果 -> OK)
2024/04/19 13:51:49.408,INFO,受信 : 作業Item完了通知(マッチング)
2024/04/19 13:51:49.408,INFO,送信 : 作業Item完了通知応答
2024/04/19 13:51:49.521,INFO,送信 : 作業ID開始要求
2024/04/19 13:51:49.525,INFO,受信 : 作業ID開始要求応答
