2024/04/19 14:50:18.001,INFO,Logger起動
2024/04/19 14:50:18.027,METHOD_IN,PLC_IF.Open(DUMMY;PLC_DUMMY;192.168.0.10;5000)
2024/04/19 14:50:18.482,METHOD_OUT,PLC_IF.Open : STATUS_SUCCESS
2024/04/19 14:50:18.567,METHOD_IN,frmMain Start()
2024/04/19 14:50:18.578,METHOD_IN,frmMain Thread_Cycle()
2024/04/19 14:50:18.583,METHOD_OUT,frmMain Start : STATUS_SUCCESS
2024/04/19 14:50:19.292,METHOD_IN,frmMain ThreadStart()
2024/04/19 14:50:19.606,METHOD_IN,frmMain Thread_Cycle()
2024/04/19 14:50:19.617,METHOD_OUT,frmMain ThreadStart : STATUS_SUCCESS
2024/04/19 14:50:42.975,INFO,受信 : 起動通知
2024/04/19 14:50:42.976,INFO,送信 : 起動通知応答
2024/04/19 14:50:42.979,INFO,受信 : 起動通知
2024/04/19 14:50:42.979,INFO,送信 : 起動通知応答
2024/04/19 14:50:43.451,INFO,受信 : ログイン通知
2024/04/19 14:50:43.452,INFO,送信 : ログイン通知応答
2024/04/19 14:50:44.622,INFO,送信 : 作業Itemリスト取得要求
2024/04/19 14:50:44.633,INFO,受信 : 作業Itemリスト取得要求応答
2024/04/19 14:50:44.767,INFO,受信 : 作業Itemリストデータ通知
2024/04/19 14:50:44.808,INFO,受信 : 作業Itemリストデータ通知
2024/04/19 14:50:44.810,INFO,送信 : 作業Itemリスト取得完了通知応答
2024/04/19 14:50:45.690,ERROR,frmMain CreateWorkInfo() : System.ArgumentOutOfRangeException: Index was out of range. Must be non-negative and less than the size of the collection. (Parameter 'index')
   at System.Collections.Generic.List`1.get_Item(Int32 index)
   at GA6_ControlApp.PlcThread.CreateWorkInfo() in D:\work\PROJECT\MHIET\GA6外観検査\soft\PC\GA6_ControlApp\GA6_ControlApp\PlcThread.cs:line 338
2024/04/19 14:50:55.702,INFO,送信 : 作業ID開始要求
2024/04/19 14:50:55.706,INFO,受信 : 作業ID開始要求応答
2024/04/19 14:50:56.702,SYSTEM,作業IDインデックス : 0   角度インデックス : 0
2024/04/19 14:50:56.703,INFO,送信 : Start要求
2024/04/19 14:50:57.643,INFO,受信 : Start要求応答   (結果 -> OK)
2024/04/19 14:50:59.066,INFO,受信 : 作業Item完了通知(マッチング)
2024/04/19 14:50:59.066,INFO,送信 : 作業Item完了通知応答
2024/04/19 14:50:59.071,INFO,受信 : 作業ID完了通知
2024/04/19 14:50:59.071,INFO,送信 : 作業ID完了通知応答
2024/04/19 14:50:59.071,INFO,送信 : 作業Itemリスト取得要求
2024/04/19 14:50:59.117,INFO,受信 : 作業Itemリスト取得要求応答
2024/04/19 14:50:59.249,INFO,受信 : 作業Itemリストデータ通知
2024/04/19 14:50:59.298,INFO,受信 : 作業Itemリストデータ通知
2024/04/19 14:50:59.298,INFO,送信 : 作業Itemリスト取得完了通知応答
