2024/04/19 14:44:04.529,INFO,Logger起動
2024/04/19 14:44:04.546,METHOD_IN,PLC_IF.Open(DUMMY;PLC_DUMMY;192.168.0.10;5000)
2024/04/19 14:44:04.927,METHOD_OUT,PLC_IF.Open : STATUS_SUCCESS
2024/04/19 14:44:05.035,METHOD_IN,frmMain Start()
2024/04/19 14:44:05.043,METHOD_IN,frmMain Thread_Cycle()
2024/04/19 14:44:05.050,METHOD_OUT,frmMain Start : STATUS_SUCCESS
2024/04/19 14:44:05.637,METHOD_IN,frmMain ThreadStart()
2024/04/19 14:44:05.644,METHOD_IN,frmMain Thread_Cycle()
2024/04/19 14:44:05.649,METHOD_OUT,frmMain ThreadStart : STATUS_SUCCESS
2024/04/19 14:44:08.578,INFO,受信 : 起動通知
2024/04/19 14:44:08.580,INFO,送信 : 起動通知応答
2024/04/19 14:44:08.589,INFO,受信 : 起動通知
2024/04/19 14:44:08.589,INFO,送信 : 起動通知応答
2024/04/19 14:44:08.592,INFO,受信 : ログイン通知
2024/04/19 14:44:08.592,INFO,送信 : ログイン通知応答
2024/04/19 14:44:08.595,INFO,受信 : ログイン通知
2024/04/19 14:44:08.595,INFO,送信 : ログイン通知応答
2024/04/19 14:44:10.079,INFO,送信 : 作業Itemリスト取得要求
2024/04/19 14:44:10.084,INFO,受信 : 作業Itemリスト取得要求応答
2024/04/19 14:44:10.215,INFO,受信 : 作業Itemリストデータ通知
2024/04/19 14:44:10.267,INFO,受信 : 作業Itemリストデータ通知
2024/04/19 14:44:10.270,INFO,送信 : 作業Itemリスト取得完了通知応答
2024/04/19 14:44:11.171,ERROR,frmMain CreateWorkInfo() : System.ArgumentOutOfRangeException: Index was out of range. Must be non-negative and less than the size of the collection. (Parameter 'index')
   at System.Collections.Generic.List`1.get_Item(Int32 index)
   at GA6_ControlApp.PlcThread.CreateWorkInfo() in D:\work\PROJECT\MHIET\GA6外観検査\soft\PC\GA6_ControlApp\GA6_ControlApp\PlcThread.cs:line 338
2024/04/19 14:44:44.197,INFO,送信 : 作業ID開始要求
2024/04/19 14:44:44.202,INFO,受信 : 作業ID開始要求応答
2024/04/19 14:44:45.199,SYSTEM,作業IDインデックス : 0   角度インデックス : 0
2024/04/19 14:44:45.199,INFO,送信 : Start要求
2024/04/19 14:44:46.116,INFO,受信 : Start要求応答   (結果 -> OK)
2024/04/19 14:44:47.512,INFO,受信 : 作業Item完了通知(マッチング)
2024/04/19 14:44:49.941,INFO,送信 : 作業Item完了通知応答
2024/04/19 14:44:49.945,INFO,受信 : 作業ID完了通知
2024/04/19 14:44:52.946,INFO,受信 : タイムアウト通知
