2024/04/19 11:47:28.833,INFO,Logger起動
2024/04/19 11:47:28.851,METHOD_IN,PLC_IF.Open(DUMMY;PLC_DUMMY;192.168.0.10;5000)
2024/04/19 11:47:29.231,METHOD_OUT,PLC_IF.Open : STATUS_SUCCESS
2024/04/19 11:47:29.333,METHOD_IN,frmMain Start()
2024/04/19 11:47:29.341,METHOD_IN,frmMain Thread_Cycle()
2024/04/19 11:47:29.347,METHOD_OUT,frmMain Start : STATUS_SUCCESS
2024/04/19 11:47:29.916,METHOD_IN,frmMain ThreadStart()
2024/04/19 11:47:29.923,METHOD_IN,frmMain Thread_Cycle()
2024/04/19 11:47:29.930,METHOD_OUT,frmMain ThreadStart : STATUS_SUCCESS
2024/04/19 11:47:31.197,INFO,受信 : システム停止通知
2024/04/19 11:48:02.728,INFO,受信 : 起動通知
2024/04/19 11:48:02.729,INFO,送信 : 起動通知応答
2024/04/19 11:48:02.732,INFO,受信 : 起動通知
2024/04/19 11:48:02.732,INFO,送信 : 起動通知応答
2024/04/19 11:48:34.185,INFO,受信 : ログイン通知
2024/04/19 11:48:34.185,INFO,送信 : ログイン通知応答
2024/04/19 11:48:35.408,INFO,送信 : 作業Itemリスト取得要求
2024/04/19 11:48:35.413,INFO,受信 : 作業Itemリスト取得要求応答
2024/04/19 11:48:35.554,INFO,受信 : 作業Itemリストデータ通知
2024/04/19 11:48:35.602,INFO,受信 : 作業Itemリストデータ通知
2024/04/19 11:48:35.604,INFO,送信 : 作業Itemリスト取得完了通知応答
2024/04/19 11:48:36.478,ERROR,frmMain CreateWorkInfo() : System.ArgumentOutOfRangeException: Index was out of range. Must be non-negative and less than the size of the collection. (Parameter 'index')
   at System.Collections.Generic.List`1.get_Item(Int32 index)
   at GA6_ControlApp.PlcThread.CreateWorkInfo() in D:\work\PROJECT\MHIET\GA6外観検査\soft\PC\GA6_ControlApp\GA6_ControlApp\PlcThread.cs:line 338
2024/04/19 11:48:46.485,INFO,送信 : 作業ID開始要求
2024/04/19 11:48:46.489,INFO,受信 : 作業ID開始要求応答
2024/04/19 11:48:47.486,SYSTEM,作業IDインデックス : 0   角度インデックス : 0
2024/04/19 11:48:47.486,INFO,送信 : Start要求
2024/04/19 11:48:48.711,INFO,受信 : Start要求応答
