2024/04/19 11:49:11.661,INFO,Logger起動
2024/04/19 11:49:11.694,METHOD_IN,PLC_IF.Open(DUMMY;PLC_DUMMY;192.168.0.10;5000)
2024/04/19 11:49:12.015,METHOD_OUT,PLC_IF.Open : STATUS_SUCCESS
2024/04/19 11:49:12.105,METHOD_IN,frmMain Start()
2024/04/19 11:49:12.113,METHOD_IN,frmMain Thread_Cycle()
2024/04/19 11:49:12.121,METHOD_OUT,frmMain Start : STATUS_SUCCESS
2024/04/19 11:49:12.772,METHOD_IN,frmMain ThreadStart()
2024/04/19 11:49:12.778,METHOD_IN,frmMain Thread_Cycle()
2024/04/19 11:49:12.786,METHOD_OUT,frmMain ThreadStart : STATUS_SUCCESS
2024/04/19 11:49:36.978,INFO,受信 : 起動通知
2024/04/19 11:49:36.978,INFO,送信 : 起動通知応答
2024/04/19 11:49:36.982,INFO,受信 : 起動通知
2024/04/19 11:49:36.982,INFO,送信 : 起動通知応答
2024/04/19 11:49:37.521,INFO,受信 : ログイン通知
2024/04/19 11:49:37.521,INFO,送信 : ログイン通知応答
2024/04/19 11:49:39.148,INFO,送信 : 作業Itemリスト取得要求
2024/04/19 11:49:39.154,INFO,受信 : 作業Itemリスト取得要求応答
2024/04/19 11:49:39.285,INFO,受信 : 作業Itemリストデータ通知
2024/04/19 11:49:39.335,INFO,受信 : 作業Itemリストデータ通知
2024/04/19 11:49:39.351,INFO,送信 : 作業Itemリスト取得完了通知応答
2024/04/19 11:49:40.264,ERROR,frmMain CreateWorkInfo() : System.ArgumentOutOfRangeException: Index was out of range. Must be non-negative and less than the size of the collection. (Parameter 'index')
   at System.Collections.Generic.List`1.get_Item(Int32 index)
   at GA6_ControlApp.PlcThread.CreateWorkInfo() in D:\work\PROJECT\MHIET\GA6外観検査\soft\PC\GA6_ControlApp\GA6_ControlApp\PlcThread.cs:line 338
2024/04/19 11:49:48.273,INFO,送信 : 作業ID開始要求
2024/04/19 11:49:48.277,INFO,受信 : 作業ID開始要求応答
2024/04/19 11:49:49.274,SYSTEM,作業IDインデックス : 0   角度インデックス : 0
2024/04/19 11:49:49.275,INFO,送信 : Start要求
2024/04/19 11:49:50.502,INFO,受信 : Start要求応答
