2024/04/19 14:34:56.565,INFO,Logger起動
2024/04/19 14:34:56.588,METHOD_IN,PLC_IF.Open(DUMMY;PLC_DUMMY;192.168.0.10;5000)
2024/04/19 14:34:56.984,METHOD_OUT,PLC_IF.Open : STATUS_SUCCESS
2024/04/19 14:34:57.070,METHOD_IN,frmMain Start()
2024/04/19 14:34:57.077,METHOD_IN,frmMain Thread_Cycle()
2024/04/19 14:34:57.086,METHOD_OUT,frmMain Start : STATUS_SUCCESS
2024/04/19 14:34:57.699,METHOD_IN,frmMain ThreadStart()
2024/04/19 14:34:57.714,METHOD_OUT,frmMain ThreadStart : STATUS_SUCCESS
2024/04/19 14:34:57.714,METHOD_IN,frmMain Thread_Cycle()
2024/04/19 14:34:59.909,INFO,受信 : 起動通知
2024/04/19 14:34:59.910,INFO,送信 : 起動通知応答
2024/04/19 14:34:59.912,INFO,受信 : 起動通知
2024/04/19 14:34:59.912,INFO,送信 : 起動通知応答
2024/04/19 14:34:59.919,INFO,受信 : ログイン通知
2024/04/19 14:34:59.919,INFO,送信 : ログイン通知応答
2024/04/19 14:34:59.923,INFO,受信 : ログイン通知
2024/04/19 14:34:59.923,INFO,送信 : ログイン通知応答
2024/04/19 14:35:01.154,INFO,送信 : 作業Itemリスト取得要求
2024/04/19 14:35:01.159,INFO,受信 : 作業Itemリスト取得要求応答
2024/04/19 14:35:01.290,INFO,受信 : 作業Itemリストデータ通知
2024/04/19 14:35:01.343,INFO,受信 : 作業Itemリストデータ通知
2024/04/19 14:35:01.346,INFO,送信 : 作業Itemリスト取得完了通知応答
2024/04/19 14:35:02.235,ERROR,frmMain CreateWorkInfo() : System.ArgumentOutOfRangeException: Index was out of range. Must be non-negative and less than the size of the collection. (Parameter 'index')
   at System.Collections.Generic.List`1.get_Item(Int32 index)
   at GA6_ControlApp.PlcThread.CreateWorkInfo() in D:\work\PROJECT\MHIET\GA6外観検査\soft\PC\GA6_ControlApp\GA6_ControlApp\PlcThread.cs:line 338
2024/04/19 14:35:06.243,INFO,送信 : 作業ID開始要求
2024/04/19 14:35:06.247,INFO,受信 : 作業ID開始要求応答
2024/04/19 14:35:07.243,SYSTEM,作業IDインデックス : 0   角度インデックス : 0
2024/04/19 14:35:07.243,INFO,送信 : Start要求
2024/04/19 14:35:08.162,INFO,受信 : Start要求応答   (結果 -> OK)
2024/04/19 14:35:09.575,INFO,受信 : 作業Item完了通知(マッチング)
2024/04/19 14:35:09.576,INFO,送信 : 作業Item完了通知応答
