2024/04/19 14:26:20.998,INFO,Logger起動
2024/04/19 14:26:21.016,METHOD_IN,PLC_IF.Open(DUMMY;PLC_DUMMY;192.168.0.10;5000)
2024/04/19 14:26:21.334,METHOD_OUT,PLC_IF.Open : STATUS_SUCCESS
2024/04/19 14:26:21.425,METHOD_IN,frmMain Start()
2024/04/19 14:26:21.432,METHOD_IN,frmMain Thread_Cycle()
2024/04/19 14:26:21.439,METHOD_OUT,frmMain Start : STATUS_SUCCESS
2024/04/19 14:26:22.034,METHOD_IN,frmMain ThreadStart()
2024/04/19 14:26:22.041,METHOD_IN,frmMain Thread_Cycle()
2024/04/19 14:26:22.047,METHOD_OUT,frmMain ThreadStart : STATUS_SUCCESS
2024/04/19 14:26:23.866,INFO,受信 : 起動通知
2024/04/19 14:26:23.866,INFO,送信 : 起動通知応答
2024/04/19 14:26:23.870,INFO,受信 : 起動通知
2024/04/19 14:26:23.870,INFO,送信 : 起動通知応答
2024/04/19 14:26:23.872,INFO,受信 : ログイン通知
2024/04/19 14:26:23.872,INFO,送信 : ログイン通知応答
2024/04/19 14:26:23.876,INFO,受信 : ログイン通知
2024/04/19 14:26:23.876,INFO,送信 : ログイン通知応答
2024/04/19 14:26:25.464,INFO,送信 : 作業Itemリスト取得要求
2024/04/19 14:26:25.472,INFO,受信 : 作業Itemリスト取得要求応答
2024/04/19 14:26:25.603,INFO,受信 : 作業Itemリストデータ通知
2024/04/19 14:26:25.652,INFO,受信 : 作業Itemリストデータ通知
2024/04/19 14:26:25.655,INFO,送信 : 作業Itemリスト取得完了通知応答
2024/04/19 14:26:26.547,ERROR,frmMain CreateWorkInfo() : System.ArgumentOutOfRangeException: Index was out of range. Must be non-negative and less than the size of the collection. (Parameter 'index')
   at System.Collections.Generic.List`1.get_Item(Int32 index)
   at GA6_ControlApp.PlcThread.CreateWorkInfo() in D:\work\PROJECT\MHIET\GA6外観検査\soft\PC\GA6_ControlApp\GA6_ControlApp\PlcThread.cs:line 338
2024/04/19 14:26:33.554,INFO,送信 : 作業ID開始要求
2024/04/19 14:26:33.559,INFO,受信 : 作業ID開始要求応答
2024/04/19 14:26:34.556,SYSTEM,作業IDインデックス : 0   角度インデックス : 0
2024/04/19 14:26:34.559,INFO,送信 : Start要求
2024/04/19 14:26:35.495,INFO,受信 : Start要求応答   (結果 -> OK)
2024/04/19 14:26:36.908,INFO,受信 : 作業Item完了通知(マッチング)
2024/04/19 14:26:36.908,INFO,送信 : 作業Item完了通知応答
2024/04/19 14:27:37.653,INFO,送信 : 作業Itemリスト取得要求
2024/04/19 14:27:41.822,INFO,受信 : 作業Itemリスト取得要求応答
