2024/04/19 11:50:50.420,INFO,Logger起動
2024/04/19 11:50:50.437,METHOD_IN,PLC_IF.Open(DUMMY;PLC_DUMMY;192.168.0.10;5000)
2024/04/19 11:50:50.829,METHOD_OUT,PLC_IF.Open : STATUS_SUCCESS
2024/04/19 11:50:50.912,METHOD_IN,frmMain Start()
2024/04/19 11:50:50.918,METHOD_IN,frmMain Thread_Cycle()
2024/04/19 11:50:50.926,METHOD_OUT,frmMain Start : STATUS_SUCCESS
2024/04/19 11:50:51.480,METHOD_IN,frmMain ThreadStart()
2024/04/19 11:50:51.487,METHOD_IN,frmMain Thread_Cycle()
2024/04/19 11:50:51.499,METHOD_OUT,frmMain ThreadStart : STATUS_SUCCESS
2024/04/19 11:51:05.852,INFO,受信 : 起動通知
2024/04/19 11:51:05.853,INFO,送信 : 起動通知応答
2024/04/19 11:51:07.377,INFO,受信 : ログイン通知
2024/04/19 11:51:07.378,INFO,送信 : ログイン通知応答
2024/04/19 11:51:08.941,INFO,送信 : 作業Itemリスト取得要求
2024/04/19 11:51:08.949,INFO,受信 : 作業Itemリスト取得要求応答
2024/04/19 11:51:09.080,INFO,受信 : 作業Itemリストデータ通知
2024/04/19 11:51:09.129,INFO,受信 : 作業Itemリストデータ通知
2024/04/19 11:51:09.132,INFO,送信 : 作業Itemリスト取得完了通知応答
2024/04/19 11:51:10.014,ERROR,frmMain CreateWorkInfo() : System.ArgumentOutOfRangeException: Index was out of range. Must be non-negative and less than the size of the collection. (Parameter 'index')
   at System.Collections.Generic.List`1.get_Item(Int32 index)
   at GA6_ControlApp.PlcThread.CreateWorkInfo() in D:\work\PROJECT\MHIET\GA6外観検査\soft\PC\GA6_ControlApp\GA6_ControlApp\PlcThread.cs:line 338
2024/04/19 11:51:17.025,INFO,送信 : 作業ID開始要求
2024/04/19 11:51:17.043,INFO,受信 : 作業ID開始要求応答
2024/04/19 11:51:18.027,SYSTEM,作業IDインデックス : 0   角度インデックス : 0
2024/04/19 11:51:18.028,INFO,送信 : Start要求
2024/04/19 11:51:19.263,INFO,受信 : Start要求応答
