2024/04/19 11:44:55.032,INFO,Logger起動
2024/04/19 11:44:55.048,METHOD_IN,PLC_IF.Open(DUMMY;PLC_DUMMY;192.168.0.10;5000)
2024/04/19 11:44:55.435,METHOD_OUT,PLC_IF.Open : STATUS_SUCCESS
2024/04/19 11:44:55.548,METHOD_IN,frmMain Start()
2024/04/19 11:44:55.562,METHOD_IN,frmMain Thread_Cycle()
2024/04/19 11:44:55.565,METHOD_OUT,frmMain Start : STATUS_SUCCESS
2024/04/19 11:44:56.123,METHOD_IN,frmMain ThreadStart()
2024/04/19 11:44:56.129,METHOD_IN,frmMain Thread_Cycle()
2024/04/19 11:44:56.138,METHOD_OUT,frmMain ThreadStart : STATUS_SUCCESS
2024/04/19 11:45:21.890,INFO,受信 : 起動通知
2024/04/19 11:45:21.891,INFO,送信 : 起動通知応答
2024/04/19 11:45:23.274,INFO,受信 : ログイン通知
2024/04/19 11:45:23.274,INFO,送信 : ログイン通知応答
2024/04/19 11:45:24.593,INFO,送信 : 作業Itemリスト取得要求
2024/04/19 11:45:24.599,INFO,受信 : 作業Itemリスト取得要求応答
2024/04/19 11:45:24.730,INFO,受信 : 作業Itemリストデータ通知
2024/04/19 11:45:24.777,INFO,受信 : 作業Itemリストデータ通知
2024/04/19 11:45:24.780,INFO,送信 : 作業Itemリスト取得完了通知応答
2024/04/19 11:45:25.660,ERROR,frmMain CreateWorkInfo() : System.ArgumentOutOfRangeException: Index was out of range. Must be non-negative and less than the size of the collection. (Parameter 'index')
   at System.Collections.Generic.List`1.get_Item(Int32 index)
   at GA6_ControlApp.PlcThread.CreateWorkInfo() in D:\work\PROJECT\MHIET\GA6外観検査\soft\PC\GA6_ControlApp\GA6_ControlApp\PlcThread.cs:line 338
2024/04/19 11:45:31.673,INFO,送信 : 作業ID開始要求
2024/04/19 11:45:31.678,INFO,受信 : 作業ID開始要求応答
2024/04/19 11:45:32.674,SYSTEM,作業IDインデックス : 0   角度インデックス : 0
2024/04/19 11:45:32.677,INFO,送信 : Start要求
2024/04/19 11:45:33.608,INFO,受信 : Start要求応答
2024/04/19 11:45:34.999,INFO,受信 : 作業Item完了通知(マッチング)
2024/04/19 11:45:34.999,INFO,送信 : 作業Item完了通知応答
2024/04/19 11:45:40.683,SYSTEM,作業IDインデックス : 2   角度インデックス : 2
2024/04/19 11:45:40.683,INFO,送信 : Start要求
2024/04/19 11:45:40.690,INFO,受信 : Start要求応答
