2024/04/19 13:37:04.189,INFO,Logger起動
2024/04/19 13:37:04.204,METHOD_IN,PLC_IF.Open(DUMMY;PLC_DUMMY;192.168.0.10;5000)
2024/04/19 13:37:04.560,METHOD_OUT,PLC_IF.Open : STATUS_SUCCESS
2024/04/19 13:37:04.639,METHOD_IN,frmMain Start()
2024/04/19 13:37:04.646,METHOD_IN,frmMain Thread_Cycle()
2024/04/19 13:37:04.654,METHOD_OUT,frmMain Start : STATUS_SUCCESS
2024/04/19 13:37:05.248,METHOD_IN,frmMain ThreadStart()
2024/04/19 13:37:05.254,METHOD_IN,frmMain Thread_Cycle()
2024/04/19 13:37:05.261,METHOD_OUT,frmMain ThreadStart : STATUS_SUCCESS
2024/04/19 13:37:29.802,INFO,受信 : 起動通知
2024/04/19 13:37:29.803,INFO,送信 : 起動通知応答
2024/04/19 13:37:29.807,INFO,受信 : 起動通知
2024/04/19 13:37:29.807,INFO,送信 : 起動通知応答
2024/04/19 13:37:30.257,INFO,受信 : ログイン通知
2024/04/19 13:37:30.257,INFO,送信 : ログイン通知応答
2024/04/19 13:37:31.680,INFO,送信 : 作業Itemリスト取得要求
2024/04/19 13:37:31.685,INFO,受信 : 作業Itemリスト取得要求応答
2024/04/19 13:37:31.816,INFO,受信 : 作業Itemリストデータ通知
2024/04/19 13:37:31.868,INFO,受信 : 作業Itemリストデータ通知
2024/04/19 13:37:31.872,INFO,送信 : 作業Itemリスト取得完了通知応答
2024/04/19 13:37:32.754,ERROR,frmMain CreateWorkInfo() : System.ArgumentOutOfRangeException: Index was out of range. Must be non-negative and less than the size of the collection. (Parameter 'index')
   at System.Collections.Generic.List`1.get_Item(Int32 index)
   at GA6_ControlApp.PlcThread.CreateWorkInfo() in D:\work\PROJECT\MHIET\GA6外観検査\soft\PC\GA6_ControlApp\GA6_ControlApp\PlcThread.cs:line 338
2024/04/19 13:37:39.761,INFO,送信 : 作業ID開始要求
2024/04/19 13:37:39.771,INFO,受信 : 作業ID開始要求応答
2024/04/19 13:37:40.763,SYSTEM,作業IDインデックス : 0   角度インデックス : 0
2024/04/19 13:37:40.766,INFO,送信 : Start要求
2024/04/19 13:37:41.686,INFO,受信 : Start要求応答   (結果 -> OK)
2024/04/19 13:37:43.077,INFO,受信 : 作業Item完了通知(マッチング)
2024/04/19 13:37:43.077,INFO,送信 : 作業Item完了通知応答
2024/04/19 13:37:44.290,INFO,aaaaa
2024/04/19 13:37:45.771,SYSTEM,作業IDインデックス : 0   角度インデックス : 1
2024/04/19 13:37:45.771,INFO,送信 : Start要求
2024/04/19 13:37:46.664,INFO,受信 : Start要求応答   (結果 -> OK)
2024/04/19 13:37:47.928,INFO,受信 : 作業Item完了通知(マッチング)
2024/04/19 13:37:47.928,INFO,送信 : 作業Item完了通知応答
2024/04/19 13:37:49.295,INFO,aaaaa
2024/04/19 13:37:52.777,SYSTEM,作業IDインデックス : 0   角度インデックス : 2
2024/04/19 13:37:52.777,INFO,送信 : Start要求
2024/04/19 13:37:53.690,INFO,受信 : Start要求応答   (結果 -> OK)
2024/04/19 13:37:54.973,INFO,受信 : 作業Item完了通知(マッチング)
2024/04/19 13:37:54.973,INFO,送信 : 作業Item完了通知応答
2024/04/19 13:37:55.735,INFO,受信 : 作業ID完了通知
2024/04/19 13:37:56.299,INFO,aaaaa
2024/04/19 13:37:58.736,INFO,受信 : タイムアウト通知
2024/04/19 13:37:59.780,SYSTEM,作業IDインデックス : 0   角度インデックス : 3
2024/04/19 13:37:59.780,INFO,送信 : Start要求
2024/04/19 13:37:59.784,INFO,受信 : Start要求応答   (結果 -> OK)
