2024/04/19 13:11:24.274,INFO,Logger起動
2024/04/19 13:11:24.293,METHOD_IN,PLC_IF.Open(DUMMY;PLC_DUMMY;192.168.0.10;5000)
2024/04/19 13:11:24.920,METHOD_OUT,PLC_IF.Open : STATUS_SUCCESS
2024/04/19 13:11:25.041,METHOD_IN,frmMain Start()
2024/04/19 13:11:25.051,METHOD_IN,frmMain Thread_Cycle()
2024/04/19 13:11:25.058,METHOD_OUT,frmMain Start : STATUS_SUCCESS
2024/04/19 13:11:25.793,METHOD_IN,frmMain ThreadStart()
2024/04/19 13:11:25.856,METHOD_OUT,frmMain ThreadStart : STATUS_SUCCESS
2024/04/19 13:11:25.856,METHOD_IN,frmMain Thread_Cycle()
2024/04/19 13:11:46.032,INFO,受信 : 起動通知
2024/04/19 13:11:46.033,INFO,送信 : 起動通知応答
2024/04/19 13:11:49.560,INFO,受信 : ログイン通知
2024/04/19 13:11:49.560,INFO,送信 : ログイン通知応答
2024/04/19 13:11:51.091,INFO,送信 : 作業Itemリスト取得要求
2024/04/19 13:11:51.102,INFO,受信 : 作業Itemリスト取得要求応答
2024/04/19 13:11:51.237,INFO,受信 : 作業Itemリストデータ通知
2024/04/19 13:11:51.292,INFO,受信 : 作業Itemリストデータ通知
2024/04/19 13:11:51.295,INFO,送信 : 作業Itemリスト取得完了通知応答
2024/04/19 13:11:52.194,ERROR,frmMain CreateWorkInfo() : System.ArgumentOutOfRangeException: Index was out of range. Must be non-negative and less than the size of the collection. (Parameter 'index')
   at System.Collections.Generic.List`1.get_Item(Int32 index)
   at GA6_ControlApp.PlcThread.CreateWorkInfo() in D:\work\PROJECT\MHIET\GA6外観検査\soft\PC\GA6_ControlApp\GA6_ControlApp\PlcThread.cs:line 338
2024/04/19 13:12:25.217,INFO,送信 : 作業ID開始要求
2024/04/19 13:12:25.222,INFO,受信 : 作業ID開始要求応答
2024/04/19 13:12:26.218,SYSTEM,作業IDインデックス : 0   角度インデックス : 0
2024/04/19 13:12:26.219,INFO,送信 : Start要求
