2024/04/19 16:06:48.113,INFO,Logger起動
2024/04/19 16:06:48.371,METHOD_IN,PLC_IF.Open(DUMMY;PLC_DUMMY;192.168.0.10;5000)
2024/04/19 16:06:49.107,METHOD_OUT,PLC_IF.Open : STATUS_SUCCESS
2024/04/19 16:06:49.576,METHOD_IN,frmMain Start()
2024/04/19 16:06:49.658,METHOD_IN,frmMain Thread_Cycle()
2024/04/19 16:06:49.663,METHOD_OUT,frmMain Start : STATUS_SUCCESS
2024/04/19 16:06:51.428,METHOD_IN,frmMain ThreadStart()
2024/04/19 16:06:51.435,METHOD_IN,frmMain Thread_Cycle()
2024/04/19 16:06:51.442,METHOD_OUT,frmMain ThreadStart : STATUS_SUCCESS
2024/04/19 16:06:54.781,INFO,受信 : 起動通知
2024/04/19 16:06:54.782,INFO,送信 : 起動通知応答
2024/04/19 16:06:55.765,INFO,受信 : ログイン通知
2024/04/19 16:06:55.765,INFO,送信 : ログイン通知応答
2024/04/19 16:06:57.767,INFO,送信 : 作業Itemリスト取得要求
2024/04/19 16:06:57.772,INFO,受信 : 作業Itemリスト取得要求応答
2024/04/19 16:06:57.910,INFO,受信 : 作業Itemリストデータ通知
2024/04/19 16:06:57.960,INFO,受信 : 作業Itemリストデータ通知
2024/04/19 16:06:57.972,INFO,送信 : 作業Itemリスト取得完了通知応答
2024/04/19 16:06:58.840,ERROR,frmMain CreateWorkInfo() : System.ArgumentOutOfRangeException: Index was out of range. Must be non-negative and less than the size of the collection. (Parameter 'index')
   at System.Collections.Generic.List`1.get_Item(Int32 index)
   at GA6_ControlApp.PlcThread.CreateWorkInfo() in D:\work\PROJECT\MHIET\GA6外観検査\soft\PC\GA6_ControlApp\GA6_ControlApp\PlcThread.cs:line 342
2024/04/19 16:07:03.848,INFO,***** 検査項目設定要求 ON
2024/04/19 16:07:04.851,INFO,***** 検査モードへ切り替える
2024/04/19 16:07:04.851,INFO,送信 : 作業ID開始要求
2024/04/19 16:07:04.856,INFO,受信 : 作業ID開始要求応答
2024/04/19 16:07:05.852,INFO,***** 検査
2024/04/19 16:07:05.852,SYSTEM,作業IDインデックス : 0   角度インデックス : 0
2024/04/19 16:07:05.853,INFO,送信 : Start要求
2024/04/19 16:07:06.776,INFO,受信 : Start要求応答   (結果 -> OK)
2024/04/19 16:07:08.196,INFO,受信 : 作業Item完了通知(マッチング)
2024/04/19 16:07:08.196,INFO,送信 : 作業Item完了通知応答
2024/04/19 16:07:08.200,INFO,受信 : 作業ID完了通知
2024/04/19 16:07:08.200,INFO,送信 : 作業ID完了通知応答
2024/04/19 16:07:08.856,INFO,***** 検査モードへ切り替える
2024/04/19 16:07:08.856,INFO,送信 : 作業ID開始要求
2024/04/19 16:07:08.860,INFO,受信 : 作業ID開始要求応答
2024/04/19 16:07:09.857,INFO,***** 検査
2024/04/19 16:07:09.857,SYSTEM,作業IDインデックス : 0   角度インデックス : 0
2024/04/19 16:07:09.857,INFO,送信 : Start要求
2024/04/19 16:07:10.750,INFO,受信 : Start要求応答   (結果 -> OK)
2024/04/19 16:07:11.750,INFO,受信 : 作業Item完了通知(マッチング)
2024/04/19 16:07:11.750,INFO,送信 : 作業Item完了通知応答
2024/04/19 16:07:11.754,INFO,受信 : 作業ID完了通知
2024/04/19 16:07:11.754,INFO,送信 : 作業ID完了通知応答
2024/04/19 16:07:11.858,INFO,***** 検査モードへ切り替える
2024/04/19 16:07:11.858,INFO,送信 : 作業ID開始要求
2024/04/19 16:07:11.862,INFO,受信 : 作業ID開始要求応答
2024/04/19 16:07:12.860,INFO,***** 検査
2024/04/19 16:07:12.860,SYSTEM,作業IDインデックス : 0   角度インデックス : 0
2024/04/19 16:07:12.860,INFO,送信 : Start要求
2024/04/19 16:07:13.767,INFO,受信 : Start要求応答   (結果 -> OK)
2024/04/19 16:07:14.757,INFO,受信 : 作業Item完了通知(マッチング)
2024/04/19 16:07:14.757,INFO,送信 : 作業Item完了通知応答
2024/04/19 16:07:14.762,INFO,受信 : 作業ID完了通知
2024/04/19 16:07:14.762,INFO,送信 : 作業ID完了通知応答
2024/04/19 16:07:14.861,INFO,***** 検査モードへ切り替える
2024/04/19 16:07:14.861,INFO,送信 : 作業ID開始要求
2024/04/19 16:07:14.865,INFO,受信 : 作業ID開始要求応答
2024/04/19 16:07:15.861,INFO,***** 検査
2024/04/19 16:07:15.861,SYSTEM,作業IDインデックス : 0   角度インデックス : 0
2024/04/19 16:07:15.861,INFO,送信 : Start要求
2024/04/19 16:07:16.752,INFO,受信 : Start要求応答   (結果 -> OK)
2024/04/19 16:07:17.769,INFO,受信 : 作業Item完了通知(マッチング)
2024/04/19 16:07:17.769,INFO,送信 : 作業Item完了通知応答
2024/04/19 16:07:17.774,INFO,受信 : 作業ID完了通知
2024/04/19 16:07:17.774,INFO,送信 : 作業ID完了通知応答
2024/04/19 16:07:17.863,INFO,***** 検査モードへ切り替える
2024/04/19 16:07:17.863,INFO,送信 : 作業ID開始要求
2024/04/19 16:07:17.867,INFO,受信 : 作業ID開始要求応答
