2024/05/07 15:38:35.339,INFO,Logger起動
2024/05/07 15:38:35.454,METHOD_IN,PLC_IF.Open(DUMMY;PLC_DUMMY;192.168.0.10;5000)
2024/05/07 15:38:36.041,METHOD_OUT,PLC_IF.Open : STATUS_SUCCESS
2024/05/07 15:38:36.163,METHOD_IN,PlcThread Start()
2024/05/07 15:38:36.173,METHOD_IN,PlcThread Thread_Cycle()
2024/05/07 15:38:36.177,METHOD_OUT,PlcThread Start : STATUS_SUCCESS
2024/05/07 15:38:37.437,METHOD_IN,frmMain ThreadStart()
2024/05/07 15:38:37.445,METHOD_IN,frmMain Thread_Cycle()
2024/05/07 15:38:37.450,METHOD_OUT,frmMain ThreadStart : STATUS_SUCCESS
2024/05/07 15:38:38.542,INFO,192.168.0.12 50020 受信 起動通知 0x42AEFB73
2024/05/07 15:38:38.542,INFO,192.168.0.11 50010 受信 起動通知 0x3FAEFB73
2024/05/07 15:38:38.543,INFO,192.168.0.11 50010 送信 起動通知応答 0x3FAEFB73
2024/05/07 15:38:38.543,INFO,192.168.0.12 50020 送信 起動通知応答 0x42AEFB73
2024/05/07 15:38:38.546,INFO,192.168.0.11 50010 受信 起動通知 0x3FAEFB73
2024/05/07 15:38:38.546,INFO,192.168.0.11 50010 送信 起動通知応答 0x3FAEFB73
2024/05/07 15:38:38.547,INFO,192.168.0.12 50020 受信 起動通知 0x42AEFB73
2024/05/07 15:38:38.547,INFO,192.168.0.12 50020 送信 起動通知応答 0x42AEFB73
2024/05/07 15:38:38.549,INFO,192.168.0.11 50010 受信 ログイン通知
2024/05/07 15:38:38.549,INFO,192.168.0.11 50010 送信 ログイン通知応答
2024/05/07 15:38:38.550,INFO,192.168.0.12 50020 受信 ログイン通知
2024/05/07 15:38:38.550,INFO,192.168.0.12 50020 送信 ログイン通知応答
2024/05/07 15:38:38.552,INFO,カメラ通信初期化 完了
2024/05/07 15:38:38.553,INFO,192.168.0.11 50010 受信 ログイン通知
2024/05/07 15:38:38.553,INFO,192.168.0.12 50020 受信 ログイン通知
2024/05/07 15:38:38.553,INFO,192.168.0.11 50010 送信 ログイン通知応答
2024/05/07 15:38:38.553,INFO,192.168.0.12 50020 送信 ログイン通知応答
2024/05/07 15:38:38.582,INFO,カメラ通信初期化 完了
2024/05/07 15:38:38.614,INFO,192.168.0.11 50010 送信 作業Itemリスト取得要求
2024/05/07 15:38:38.614,INFO,192.168.0.12 50020 送信 作業Itemリスト取得要求
2024/05/07 15:38:38.619,INFO,192.168.0.12 50020 受信 作業Itemリスト取得要求応答
2024/05/07 15:38:38.619,INFO,192.168.0.11 50010 受信 作業Itemリスト取得要求応答
2024/05/07 15:38:38.750,INFO,192.168.0.11 50010 受信 作業Itemリストデータ通知
2024/05/07 15:38:38.750,INFO,192.168.0.12 50020 受信 作業Itemリストデータ通知
2024/05/07 15:38:38.799,INFO,192.168.0.11 50010 受信 作業Itemリストデータ通知
2024/05/07 15:38:38.802,INFO,192.168.0.12 50020 受信 作業Itemリストデータ通知
2024/05/07 15:38:38.845,INFO,192.168.0.11 50010 受信 作業Itemリストデータ通知
2024/05/07 15:38:38.845,INFO,192.168.0.12 50020 受信 作業Itemリストデータ通知
2024/05/07 15:38:38.847,INFO,192.168.0.12 50020 送信 作業Itemリスト取得完了通知応答
2024/05/07 15:38:38.847,INFO,192.168.0.11 50010 送信 作業Itemリスト取得完了通知応答
2024/05/07 15:38:38.864,INFO,機種情報取得 完了
2024/05/07 15:38:55.169,INFO, [NONE]
2024/05/07 15:38:55.169,INFO, [NONE]
2024/05/07 15:38:55.200,INFO, [WAITING]
2024/05/07 15:38:55.200,INFO, [WAITING]
2024/05/07 15:38:55.231,INFO, [ITEM_INPUT_COMP]
2024/05/07 15:38:55.231,INFO, [ITEM_INPUT_COMP]
2024/05/07 15:38:55.262,INFO, [EXAM_WAITING]
2024/05/07 15:38:55.262,INFO, [EXAM_WAITING]
2024/05/07 15:38:55.293,INFO, [EXAM_WORK_ID_SEND]
2024/05/07 15:38:55.293,INFO,192.168.0.11 50010 送信 作業ID開始要求
2024/05/07 15:38:55.293,INFO, [EXAM_WORK_ID_SEND]
2024/05/07 15:38:55.293,INFO,192.168.0.12 50020 送信 作業ID開始要求
2024/05/07 15:38:55.300,INFO,192.168.0.11 50010 受信 作業ID開始要求応答 (結果 -> OK)
2024/05/07 15:38:55.303,INFO,192.168.0.12 50020 受信 作業ID開始要求応答 (結果 -> OK)
2024/05/07 15:38:55.324,INFO, [EXAM_START_SEND]
2024/05/07 15:38:56.225,SYSTEM,作業IDインデックス : 0   角度インデックス : 0
2024/05/07 15:38:56.228,INFO,192.168.0.11 50010 送信 Start要求
2024/05/07 15:38:56.228,INFO, [EXAM_START_SEND]
2024/05/07 15:38:56.228,SYSTEM,作業IDインデックス : 0   角度インデックス : 0
2024/05/07 15:38:56.228,INFO,192.168.0.12 50020 送信 Start要求
2024/05/07 15:38:57.165,INFO,192.168.0.12 50020 受信 Start要求応答 (結果 -> OK)
2024/05/07 15:38:57.453,INFO,192.168.0.11 50010 受信 Start要求応答 (結果 -> NG) (エラーコード -> 0x0702)
2024/05/07 15:38:58.706,INFO,192.168.0.12 50020 受信 作業Item完了通知(マッチング) (結果->OK)
2024/05/07 15:38:58.706,INFO,192.168.0.12 50020 送信 作業Item完了通知応答
2024/05/07 15:38:58.711,INFO,192.168.0.12 50020 受信 作業ID完了通知
2024/05/07 15:38:58.711,INFO,192.168.0.12 50020 送信 作業ID完了通知応答
2024/05/07 15:38:58.737,INFO, [RESULT_OUTPUT]
2024/05/07 15:38:58.768,INFO, [RESULT_OUTPUT]
2024/05/07 15:38:58.798,INFO, [RESULT_OUTPUT]
2024/05/07 15:38:58.829,INFO, [RESULT_OUTPUT]
2024/05/07 15:38:58.859,INFO, [RESULT_OUTPUT]
2024/05/07 15:38:58.891,INFO, [RESULT_OUTPUT]
2024/05/07 15:38:58.922,INFO, [RESULT_OUTPUT]
2024/05/07 15:38:58.952,INFO, [RESULT_OUTPUT]
2024/05/07 15:38:58.983,INFO, [RESULT_OUTPUT]
2024/05/07 15:38:59.014,INFO, [RESULT_OUTPUT]
2024/05/07 15:38:59.044,INFO, [RESULT_OUTPUT]
2024/05/07 15:38:59.074,INFO, [RESULT_OUTPUT]
2024/05/07 15:38:59.105,INFO, [RESULT_OUTPUT]
2024/05/07 15:38:59.136,INFO, [RESULT_OUTPUT]
2024/05/07 15:38:59.166,INFO, [RESULT_OUTPUT]
2024/05/07 15:38:59.197,INFO, [RESULT_OUTPUT]
2024/05/07 15:38:59.227,INFO, [RESULT_OUTPUT]
2024/05/07 15:38:59.258,INFO, [RESULT_OUTPUT]
2024/05/07 15:38:59.288,INFO, [RESULT_OUTPUT]
2024/05/07 15:38:59.319,INFO, [RESULT_OUTPUT]
2024/05/07 15:38:59.350,INFO, [RESULT_OUTPUT]
2024/05/07 15:38:59.381,INFO, [RESULT_OUTPUT]
2024/05/07 15:38:59.411,INFO, [RESULT_OUTPUT]
2024/05/07 15:38:59.442,INFO, [RESULT_OUTPUT]
2024/05/07 15:38:59.472,INFO, [RESULT_OUTPUT]
2024/05/07 15:38:59.502,INFO, [RESULT_OUTPUT]
2024/05/07 15:38:59.533,INFO, [RESULT_OUTPUT]
2024/05/07 15:38:59.564,INFO, [RESULT_OUTPUT]
2024/05/07 15:38:59.594,INFO, [RESULT_OUTPUT]
2024/05/07 15:38:59.625,INFO, [RESULT_OUTPUT]
2024/05/07 15:38:59.655,INFO, [RESULT_OUTPUT]
2024/05/07 15:38:59.685,INFO, [RESULT_OUTPUT]
2024/05/07 15:38:59.717,INFO, [RESULT_OUTPUT]
2024/05/07 15:38:59.747,INFO, [RESULT_OUTPUT]
2024/05/07 15:38:59.778,INFO, [RESULT_OUTPUT]
2024/05/07 15:38:59.809,INFO, [RESULT_OUTPUT]
2024/05/07 15:38:59.840,INFO, [RESULT_OUTPUT]
2024/05/07 15:38:59.870,INFO, [RESULT_OUTPUT]
2024/05/07 15:38:59.901,INFO, [RESULT_OUTPUT]
2024/05/07 15:38:59.932,INFO, [RESULT_OUTPUT]
2024/05/07 15:38:59.963,INFO, [RESULT_OUTPUT]
2024/05/07 15:38:59.994,INFO, [RESULT_OUTPUT]
2024/05/07 15:39:00.025,INFO, [RESULT_OUTPUT]
2024/05/07 15:39:00.056,INFO, [RESULT_OUTPUT]
2024/05/07 15:39:00.086,INFO, [RESULT_OUTPUT]
2024/05/07 15:39:00.117,INFO, [RESULT_OUTPUT]
2024/05/07 15:39:00.147,INFO, [RESULT_OUTPUT]
2024/05/07 15:39:00.178,INFO, [RESULT_OUTPUT]
2024/05/07 15:39:00.209,INFO, [RESULT_OUTPUT]
2024/05/07 15:39:00.240,INFO, [RESULT_OUTPUT]
2024/05/07 15:39:00.270,INFO, [RESULT_OUTPUT]
2024/05/07 15:39:00.301,INFO, [RESULT_OUTPUT]
2024/05/07 15:39:00.331,INFO, [RESULT_OUTPUT]
2024/05/07 15:39:00.362,INFO, [RESULT_OUTPUT]
2024/05/07 15:39:00.393,INFO, [RESULT_OUTPUT]
2024/05/07 15:39:00.423,INFO, [RESULT_OUTPUT]
2024/05/07 15:39:00.454,INFO, [RESULT_OUTPUT]
2024/05/07 15:39:00.486,INFO, [RESULT_OUTPUT]
2024/05/07 15:39:00.516,INFO, [RESULT_OUTPUT]
2024/05/07 15:39:00.547,INFO, [RESULT_OUTPUT]
2024/05/07 15:39:00.577,INFO, [RESULT_OUTPUT]
2024/05/07 15:39:00.608,INFO, [RESULT_OUTPUT]
2024/05/07 15:39:00.639,INFO, [RESULT_OUTPUT]
2024/05/07 15:39:00.670,INFO, [RESULT_OUTPUT]
2024/05/07 15:39:00.701,INFO, [RESULT_OUTPUT]
2024/05/07 15:39:00.732,INFO, [RESULT_OUTPUT]
2024/05/07 15:39:00.762,INFO, [RESULT_OUTPUT]
2024/05/07 15:39:00.793,INFO, [RESULT_OUTPUT]
2024/05/07 15:39:00.823,INFO, [RESULT_OUTPUT]
2024/05/07 15:39:00.854,INFO, [RESULT_OUTPUT]
2024/05/07 15:39:00.885,INFO, [RESULT_OUTPUT]
2024/05/07 15:39:00.915,INFO, [RESULT_OUTPUT]
2024/05/07 15:39:00.946,INFO, [RESULT_OUTPUT]
2024/05/07 15:39:00.976,INFO, [RESULT_OUTPUT]
2024/05/07 15:39:01.007,INFO, [RESULT_OUTPUT]
2024/05/07 15:39:01.037,INFO, [RESULT_OUTPUT]
2024/05/07 15:39:01.069,INFO, [RESULT_OUTPUT]
2024/05/07 15:39:01.100,INFO, [RESULT_OUTPUT]
2024/05/07 15:39:01.130,INFO, [RESULT_OUTPUT]
2024/05/07 15:39:01.160,INFO, [RESULT_OUTPUT]
2024/05/07 15:39:01.191,INFO, [RESULT_OUTPUT]
2024/05/07 15:39:01.221,INFO, [RESULT_OUTPUT]
2024/05/07 15:39:01.252,INFO, [RESULT_OUTPUT]
2024/05/07 15:39:01.282,INFO, [RESULT_OUTPUT]
2024/05/07 15:39:01.313,INFO, [RESULT_OUTPUT]
2024/05/07 15:39:01.343,INFO, [RESULT_OUTPUT]
2024/05/07 15:39:01.374,INFO, [RESULT_OUTPUT]
2024/05/07 15:39:01.405,INFO, [RESULT_OUTPUT]
2024/05/07 15:39:01.435,INFO, [RESULT_OUTPUT]
2024/05/07 15:39:01.466,INFO, [RESULT_OUTPUT]
2024/05/07 15:39:01.497,INFO, [RESULT_OUTPUT]
2024/05/07 15:39:01.528,INFO, [RESULT_OUTPUT]
2024/05/07 15:39:01.559,INFO, [RESULT_OUTPUT]
2024/05/07 15:39:01.589,INFO, [RESULT_OUTPUT]
2024/05/07 15:39:01.620,INFO, [RESULT_OUTPUT]
2024/05/07 15:39:01.650,INFO, [RESULT_OUTPUT]
2024/05/07 15:39:01.681,INFO, [RESULT_OUTPUT]
2024/05/07 15:39:01.712,INFO, [RESULT_OUTPUT]
2024/05/07 15:39:01.743,INFO, [RESULT_OUTPUT]
2024/05/07 15:39:01.773,INFO, [RESULT_OUTPUT]
2024/05/07 15:39:01.804,INFO, [RESULT_OUTPUT]
2024/05/07 15:39:01.835,INFO, [RESULT_OUTPUT]
2024/05/07 15:39:01.866,INFO, [RESULT_OUTPUT]
2024/05/07 15:39:01.897,INFO, [RESULT_OUTPUT]
2024/05/07 15:39:01.928,INFO, [RESULT_OUTPUT]
2024/05/07 15:39:01.958,INFO, [RESULT_OUTPUT]
2024/05/07 15:39:01.989,INFO, [RESULT_OUTPUT]
2024/05/07 15:39:02.020,INFO, [RESULT_OUTPUT]
2024/05/07 15:39:02.051,INFO, [RESULT_OUTPUT]
2024/05/07 15:39:02.082,INFO, [RESULT_OUTPUT]
2024/05/07 15:39:02.113,INFO, [RESULT_OUTPUT]
2024/05/07 15:39:02.143,INFO, [RESULT_OUTPUT]
2024/05/07 15:39:02.174,INFO, [RESULT_OUTPUT]
2024/05/07 15:39:02.205,INFO, [RESULT_OUTPUT]
2024/05/07 15:39:02.236,INFO, [RESULT_OUTPUT]
2024/05/07 15:39:02.266,INFO, [RESULT_OUTPUT]
2024/05/07 15:39:02.297,INFO, [RESULT_OUTPUT]
2024/05/07 15:39:02.327,INFO, [RESULT_OUTPUT]
2024/05/07 15:39:02.358,INFO, [RESULT_OUTPUT]
2024/05/07 15:39:02.389,INFO, [RESULT_OUTPUT]
2024/05/07 15:39:02.420,INFO, [RESULT_OUTPUT]
2024/05/07 15:39:02.450,INFO, [RESULT_OUTPUT]
2024/05/07 15:39:02.481,INFO, [RESULT_OUTPUT]
2024/05/07 15:39:02.511,INFO, [RESULT_OUTPUT]
2024/05/07 15:39:02.543,INFO, [RESULT_OUTPUT]
2024/05/07 15:39:02.573,INFO, [RESULT_OUTPUT]
2024/05/07 15:39:02.604,INFO, [RESULT_OUTPUT]
2024/05/07 15:39:02.634,INFO, [RESULT_OUTPUT]
2024/05/07 15:39:02.665,INFO, [RESULT_OUTPUT]
2024/05/07 15:39:02.696,INFO, [RESULT_OUTPUT]
2024/05/07 15:39:02.726,INFO, [RESULT_OUTPUT]
2024/05/07 15:39:02.757,INFO, [RESULT_OUTPUT]
2024/05/07 15:39:02.787,INFO, [RESULT_OUTPUT]
2024/05/07 15:39:02.818,INFO, [RESULT_OUTPUT]
2024/05/07 15:39:02.849,INFO, [RESULT_OUTPUT]
2024/05/07 15:39:02.880,INFO, [RESULT_OUTPUT]
2024/05/07 15:39:02.910,INFO, [RESULT_OUTPUT]
2024/05/07 15:39:02.941,INFO, [RESULT_OUTPUT]
2024/05/07 15:39:02.972,INFO, [RESULT_OUTPUT]
2024/05/07 15:39:03.002,INFO, [RESULT_OUTPUT]
2024/05/07 15:39:03.033,INFO, [RESULT_OUTPUT]
2024/05/07 15:39:03.065,INFO, [RESULT_OUTPUT]
2024/05/07 15:39:03.096,INFO, [RESULT_OUTPUT]
2024/05/07 15:39:03.127,INFO, [RESULT_OUTPUT]
2024/05/07 15:39:03.157,INFO, [RESULT_OUTPUT]
2024/05/07 15:39:03.188,INFO, [RESULT_OUTPUT]
2024/05/07 15:39:03.219,INFO, [RESULT_OUTPUT]
