2024/04/19 15:00:30.073,INFO,Logger起動
2024/04/19 15:00:30.108,METHOD_IN,PLC_IF.Open(DUMMY;PLC_DUMMY;192.168.0.10;5000)
2024/04/19 15:00:30.437,METHOD_OUT,PLC_IF.Open : STATUS_SUCCESS
2024/04/19 15:00:30.535,METHOD_IN,frmMain Start()
2024/04/19 15:00:30.541,METHOD_IN,frmMain Thread_Cycle()
2024/04/19 15:00:30.549,METHOD_OUT,frmMain Start : STATUS_SUCCESS
2024/04/19 15:00:31.123,METHOD_IN,frmMain ThreadStart()
2024/04/19 15:00:31.128,METHOD_IN,frmMain Thread_Cycle()
2024/04/19 15:00:31.136,METHOD_OUT,frmMain ThreadStart : STATUS_SUCCESS
2024/04/19 15:00:33.353,INFO,受信 : 起動通知
2024/04/19 15:00:33.354,INFO,送信 : 起動通知応答
2024/04/19 15:00:33.357,INFO,受信 : 起動通知
2024/04/19 15:00:33.357,INFO,送信 : 起動通知応答
2024/04/19 15:00:33.360,INFO,受信 : ログイン通知
2024/04/19 15:00:33.360,INFO,送信 : ログイン通知応答
2024/04/19 15:00:33.363,INFO,受信 : ログイン通知
2024/04/19 15:00:33.363,INFO,送信 : ログイン通知応答
2024/04/19 15:00:34.560,INFO,送信 : 作業Itemリスト取得要求
2024/04/19 15:00:34.565,INFO,受信 : 作業Itemリスト取得要求応答
2024/04/19 15:00:34.706,INFO,受信 : 作業Itemリストデータ通知
2024/04/19 15:00:34.762,INFO,受信 : 作業Itemリストデータ通知
2024/04/19 15:00:34.787,INFO,送信 : 作業Itemリスト取得完了通知応答
2024/04/19 15:00:35.657,ERROR,frmMain CreateWorkInfo() : System.ArgumentOutOfRangeException: Index was out of range. Must be non-negative and less than the size of the collection. (Parameter 'index')
   at System.Collections.Generic.List`1.get_Item(Int32 index)
   at GA6_ControlApp.PlcThread.CreateWorkInfo() in D:\work\PROJECT\MHIET\GA6外観検査\soft\PC\GA6_ControlApp\GA6_ControlApp\PlcThread.cs:line 338
2024/04/19 15:00:58.681,INFO,送信 : 作業ID開始要求
2024/04/19 15:00:58.686,INFO,受信 : 作業ID開始要求応答
2024/04/19 15:00:59.682,SYSTEM,作業IDインデックス : 0   角度インデックス : 0
2024/04/19 15:00:59.685,INFO,送信 : Start要求
2024/04/19 15:01:02.651,INFO,受信 : Start要求応答   (結果 -> OK)
2024/04/19 15:01:04.069,INFO,受信 : 作業Item完了通知(マッチング)
2024/04/19 15:01:04.070,INFO,送信 : 作業Item完了通知応答
2024/04/19 15:01:04.075,INFO,受信 : 作業ID完了通知
2024/04/19 15:01:04.077,INFO,送信 : 作業ID完了通知応答
2024/04/19 15:01:04.686,INFO,送信 : 作業ID開始要求
2024/04/19 15:01:04.690,INFO,受信 : 作業ID開始要求応答
2024/04/19 15:01:05.687,SYSTEM,作業IDインデックス : 0   角度インデックス : 0
2024/04/19 15:01:05.687,INFO,送信 : Start要求
2024/04/19 15:01:06.597,INFO,受信 : Start要求応答   (結果 -> OK)
2024/04/19 15:01:07.596,INFO,受信 : 作業Item完了通知(マッチング)
2024/04/19 15:01:07.596,INFO,送信 : 作業Item完了通知応答
2024/04/19 15:01:07.600,INFO,受信 : 作業ID完了通知
2024/04/19 15:01:07.600,INFO,送信 : 作業ID完了通知応答
2024/04/19 15:01:07.688,INFO,送信 : 作業ID開始要求
2024/04/19 15:01:07.692,INFO,受信 : 作業ID開始要求応答
2024/04/19 15:01:08.689,SYSTEM,作業IDインデックス : 0   角度インデックス : 0
2024/04/19 15:01:08.689,INFO,送信 : Start要求
2024/04/19 15:01:09.580,INFO,受信 : Start要求応答   (結果 -> OK)
2024/04/19 15:01:10.572,INFO,受信 : 作業Item完了通知(マッチング)
2024/04/19 15:01:10.572,INFO,送信 : 作業Item完了通知応答
2024/04/19 15:01:10.576,INFO,受信 : 作業ID完了通知
2024/04/19 15:01:10.576,INFO,送信 : 作業ID完了通知応答
2024/04/19 15:01:10.690,INFO,送信 : 作業ID開始要求
2024/04/19 15:01:10.694,INFO,受信 : 作業ID開始要求応答
2024/04/19 15:01:11.690,SYSTEM,作業IDインデックス : 0   角度インデックス : 0
2024/04/19 15:01:11.690,INFO,送信 : Start要求
2024/04/19 15:01:12.613,INFO,受信 : Start要求応答   (結果 -> OK)
2024/04/19 15:01:13.619,INFO,受信 : 作業Item完了通知(マッチング)
2024/04/19 15:01:13.619,INFO,送信 : 作業Item完了通知応答
2024/04/19 15:01:13.624,INFO,受信 : 作業ID完了通知
2024/04/19 15:01:13.624,INFO,送信 : 作業ID完了通知応答
2024/04/19 15:01:13.693,INFO,送信 : 作業ID開始要求
2024/04/19 15:01:13.697,INFO,受信 : 作業ID開始要求応答
2024/04/19 15:01:14.693,SYSTEM,作業IDインデックス : 0   角度インデックス : 0
2024/04/19 15:01:14.693,INFO,送信 : Start要求
2024/04/19 15:01:15.586,INFO,受信 : Start要求応答   (結果 -> OK)
2024/04/19 15:01:16.579,INFO,受信 : 作業Item完了通知(マッチング)
2024/04/19 15:01:16.579,INFO,送信 : 作業Item完了通知応答
2024/04/19 15:01:16.584,INFO,受信 : 作業ID完了通知
2024/04/19 15:01:16.588,INFO,送信 : 作業ID完了通知応答
2024/04/19 15:01:16.695,INFO,送信 : 作業ID開始要求
2024/04/19 15:01:16.700,INFO,受信 : 作業ID開始要求応答
2024/04/19 15:01:17.695,SYSTEM,作業IDインデックス : 0   角度インデックス : 0
2024/04/19 15:01:17.695,INFO,送信 : Start要求
2024/04/19 15:01:18.596,INFO,受信 : Start要求応答   (結果 -> OK)
2024/04/19 15:01:19.577,INFO,受信 : 作業Item完了通知(マッチング)
2024/04/19 15:01:19.577,INFO,送信 : 作業Item完了通知応答
2024/04/19 15:01:19.582,INFO,受信 : 作業ID完了通知
2024/04/19 15:01:19.582,INFO,送信 : 作業ID完了通知応答
2024/04/19 15:01:19.697,INFO,送信 : 作業ID開始要求
2024/04/19 15:01:19.701,INFO,受信 : 作業ID開始要求応答
2024/04/19 15:01:20.698,SYSTEM,作業IDインデックス : 0   角度インデックス : 0
2024/04/19 15:01:20.698,INFO,送信 : Start要求
2024/04/19 15:01:21.598,INFO,受信 : Start要求応答   (結果 -> OK)
2024/04/19 15:01:22.600,INFO,受信 : 作業Item完了通知(マッチング)
2024/04/19 15:01:22.600,INFO,送信 : 作業Item完了通知応答
2024/04/19 15:01:22.606,INFO,受信 : 作業ID完了通知
2024/04/19 15:01:22.606,INFO,送信 : 作業ID完了通知応答
2024/04/19 15:01:22.698,INFO,送信 : 作業ID開始要求
2024/04/19 15:01:22.702,INFO,受信 : 作業ID開始要求応答
