2024/05/07 15:33:23.575,INFO,Logger起動
2024/05/07 15:33:23.631,METHOD_IN,PLC_IF.Open(DUMMY;PLC_DUMMY;192.168.0.10;5000)
2024/05/07 15:33:24.305,METHOD_OUT,PLC_IF.Open : STATUS_SUCCESS
2024/05/07 15:33:24.417,METHOD_IN,PlcThread Start()
2024/05/07 15:33:24.429,METHOD_IN,PlcThread Thread_Cycle()
2024/05/07 15:33:24.434,METHOD_OUT,PlcThread Start : STATUS_SUCCESS
2024/05/07 15:33:25.920,METHOD_IN,frmMain ThreadStart()
2024/05/07 15:33:25.932,METHOD_IN,frmMain Thread_Cycle()
2024/05/07 15:33:25.942,METHOD_OUT,frmMain ThreadStart : STATUS_SUCCESS
2024/05/07 15:33:26.929,INFO,192.168.0.11 50010 受信 起動通知 0x3FAEFB73
2024/05/07 15:33:26.930,INFO,192.168.0.11 50010 送信 起動通知応答 0x3FAEFB73
2024/05/07 15:33:26.932,INFO,192.168.0.11 50010 受信 起動通知 0x3FAEFB73
2024/05/07 15:33:26.932,INFO,192.168.0.11 50010 送信 起動通知応答 0x3FAEFB73
2024/05/07 15:33:26.936,INFO,192.168.0.11 50010 受信 ログイン通知
2024/05/07 15:33:26.936,INFO,192.168.0.11 50010 送信 ログイン通知応答
2024/05/07 15:33:26.939,INFO,192.168.0.11 50010 受信 ログイン通知
2024/05/07 15:33:26.939,INFO,192.168.0.11 50010 送信 ログイン通知応答
2024/05/07 15:33:28.325,INFO,192.168.0.12 50020 受信 起動通知 0x42AEFB73
2024/05/07 15:33:28.325,INFO,192.168.0.12 50020 送信 起動通知応答 0x42AEFB73
2024/05/07 15:33:28.328,INFO,192.168.0.12 50020 受信 起動通知 0x42AEFB73
2024/05/07 15:33:28.328,INFO,192.168.0.12 50020 送信 起動通知応答 0x42AEFB73
2024/05/07 15:33:28.331,INFO,192.168.0.12 50020 受信 ログイン通知
2024/05/07 15:33:28.331,INFO,192.168.0.12 50020 送信 ログイン通知応答
2024/05/07 15:33:28.334,INFO,192.168.0.12 50020 受信 ログイン通知
2024/05/07 15:33:28.334,INFO,192.168.0.12 50020 送信 ログイン通知応答
2024/05/07 15:33:28.362,INFO,カメラ通信初期化 完了
2024/05/07 15:33:28.424,INFO,192.168.0.11 50010 送信 作業Itemリスト取得要求
2024/05/07 15:33:28.424,INFO,192.168.0.12 50020 送信 作業Itemリスト取得要求
2024/05/07 15:33:28.430,INFO,192.168.0.11 50010 受信 作業Itemリスト取得要求応答
2024/05/07 15:33:28.430,INFO,192.168.0.12 50020 受信 作業Itemリスト取得要求応答
2024/05/07 15:33:28.562,INFO,192.168.0.11 50010 受信 作業Itemリストデータ通知
2024/05/07 15:33:28.566,INFO,192.168.0.12 50020 受信 作業Itemリストデータ通知
2024/05/07 15:33:28.619,INFO,192.168.0.12 50020 受信 作業Itemリストデータ通知
2024/05/07 15:33:28.619,INFO,192.168.0.11 50010 受信 作業Itemリストデータ通知
2024/05/07 15:33:28.655,INFO,192.168.0.11 50010 受信 作業Itemリストデータ通知
2024/05/07 15:33:28.655,INFO,192.168.0.12 50020 受信 作業Itemリストデータ通知
2024/05/07 15:33:28.657,INFO,192.168.0.11 50010 送信 作業Itemリスト取得完了通知応答
2024/05/07 15:33:28.657,INFO,192.168.0.12 50020 送信 作業Itemリスト取得完了通知応答
2024/05/07 15:33:28.680,INFO,機種情報取得 完了
2024/05/07 15:33:49.205,INFO, [NONE]
2024/05/07 15:33:49.205,INFO, [NONE]
2024/05/07 15:33:49.236,INFO, [WAITING]
2024/05/07 15:33:49.236,INFO, [WAITING]
2024/05/07 15:33:49.267,INFO, [ITEM_INPUT_COMP]
2024/05/07 15:33:49.267,INFO, [ITEM_INPUT_COMP]
2024/05/07 15:33:49.298,INFO, [EXAM_WAITING]
2024/05/07 15:33:49.298,INFO, [EXAM_WAITING]
2024/05/07 15:33:49.329,INFO, [EXAM_WORK_ID_SEND]
2024/05/07 15:33:49.329,INFO,192.168.0.11 50010 送信 作業ID開始要求
2024/05/07 15:33:49.329,INFO, [EXAM_WORK_ID_SEND]
2024/05/07 15:33:49.329,INFO,192.168.0.12 50020 送信 作業ID開始要求
2024/05/07 15:33:49.336,INFO,192.168.0.12 50020 受信 作業ID開始要求応答 (結果 -> OK)
2024/05/07 15:33:49.339,INFO,192.168.0.11 50010 受信 作業ID開始要求応答 (結果 -> OK)
2024/05/07 15:33:49.360,INFO, [EXAM_START_SEND]
2024/05/07 15:33:50.860,SYSTEM,作業IDインデックス : 0   角度インデックス : 0
2024/05/07 15:33:50.861,INFO,192.168.0.11 50010 送信 Start要求
2024/05/07 15:33:50.861,INFO, [EXAM_START_SEND]
2024/05/07 15:33:50.861,SYSTEM,作業IDインデックス : 0   角度インデックス : 0
2024/05/07 15:33:50.861,INFO,192.168.0.12 50020 送信 Start要求
2024/05/07 15:33:51.764,INFO,192.168.0.11 50010 受信 Start要求応答 (結果 -> OK)
2024/05/07 15:33:52.087,INFO,192.168.0.12 50020 受信 Start要求応答 (結果 -> NG) (エラーコード -> 0x0702)
2024/05/07 15:33:53.358,INFO,192.168.0.11 50010 受信 作業Item完了通知(マッチング) (結果->OK)
2024/05/07 15:33:53.359,INFO,192.168.0.11 50010 送信 作業Item完了通知応答
2024/05/07 15:33:53.364,INFO,192.168.0.11 50010 受信 作業ID完了通知
2024/05/07 15:33:53.365,INFO,192.168.0.11 50010 送信 作業ID完了通知応答
2024/05/07 15:33:53.370,INFO, [RESULT_OUTPUT]
2024/05/07 15:33:53.402,INFO, [RESULT_OUTPUT]
2024/05/07 15:33:53.433,INFO, [RESULT_OUTPUT]
2024/05/07 15:33:53.464,INFO, [RESULT_OUTPUT]
2024/05/07 15:33:53.495,INFO, [RESULT_OUTPUT]
2024/05/07 15:33:53.526,INFO, [RESULT_OUTPUT]
2024/05/07 15:33:53.557,INFO, [RESULT_OUTPUT]
2024/05/07 15:33:53.588,INFO, [RESULT_OUTPUT]
2024/05/07 15:33:53.619,INFO, [RESULT_OUTPUT]
2024/05/07 15:33:53.650,INFO, [RESULT_OUTPUT]
2024/05/07 15:33:53.681,INFO, [RESULT_OUTPUT]
2024/05/07 15:33:53.712,INFO, [RESULT_OUTPUT]
2024/05/07 15:33:53.743,INFO, [RESULT_OUTPUT]
2024/05/07 15:33:53.774,INFO, [RESULT_OUTPUT]
2024/05/07 15:33:53.805,INFO, [RESULT_OUTPUT]
2024/05/07 15:33:53.836,INFO, [RESULT_OUTPUT]
2024/05/07 15:33:53.867,INFO, [RESULT_OUTPUT]
2024/05/07 15:33:53.898,INFO, [RESULT_OUTPUT]
2024/05/07 15:33:53.929,INFO, [RESULT_OUTPUT]
2024/05/07 15:33:53.960,INFO, [RESULT_OUTPUT]
2024/05/07 15:33:53.991,INFO, [RESULT_OUTPUT]
2024/05/07 15:33:54.022,INFO, [RESULT_OUTPUT]
2024/05/07 15:33:54.053,INFO, [RESULT_OUTPUT]
2024/05/07 15:33:54.084,INFO, [RESULT_OUTPUT]
2024/05/07 15:33:54.115,INFO, [RESULT_OUTPUT]
2024/05/07 15:33:54.146,INFO, [RESULT_OUTPUT]
2024/05/07 15:33:54.177,INFO, [RESULT_OUTPUT]
2024/05/07 15:33:54.208,INFO, [RESULT_OUTPUT]
2024/05/07 15:33:54.239,INFO, [RESULT_OUTPUT]
2024/05/07 15:33:54.270,INFO, [RESULT_OUTPUT]
2024/05/07 15:33:54.301,INFO, [RESULT_OUTPUT]
2024/05/07 15:33:54.332,INFO, [RESULT_OUTPUT]
2024/05/07 15:33:54.363,INFO, [RESULT_OUTPUT]
2024/05/07 15:33:54.394,INFO, [RESULT_OUTPUT]
2024/05/07 15:33:54.425,INFO, [RESULT_OUTPUT]
2024/05/07 15:33:54.456,INFO, [RESULT_OUTPUT]
2024/05/07 15:33:54.487,INFO, [RESULT_OUTPUT]
2024/05/07 15:33:54.518,INFO, [RESULT_OUTPUT]
2024/05/07 15:33:54.549,INFO, [RESULT_OUTPUT]
2024/05/07 15:33:54.580,INFO, [RESULT_OUTPUT]
2024/05/07 15:33:54.611,INFO, [RESULT_OUTPUT]
2024/05/07 15:33:54.642,INFO, [RESULT_OUTPUT]
2024/05/07 15:33:54.673,INFO, [RESULT_OUTPUT]
2024/05/07 15:33:54.704,INFO, [RESULT_OUTPUT]
2024/05/07 15:33:54.735,INFO, [RESULT_OUTPUT]
2024/05/07 15:33:54.766,INFO, [RESULT_OUTPUT]
2024/05/07 15:33:54.797,INFO, [RESULT_OUTPUT]
2024/05/07 15:33:54.828,INFO, [RESULT_OUTPUT]
2024/05/07 15:33:54.859,INFO, [RESULT_OUTPUT]
2024/05/07 15:33:54.890,INFO, [RESULT_OUTPUT]
2024/05/07 15:33:54.921,INFO, [RESULT_OUTPUT]
2024/05/07 15:33:54.952,INFO, [RESULT_OUTPUT]
2024/05/07 15:33:54.983,INFO, [RESULT_OUTPUT]
2024/05/07 15:33:55.014,INFO, [RESULT_OUTPUT]
2024/05/07 15:33:55.045,INFO, [RESULT_OUTPUT]
2024/05/07 15:33:55.075,INFO, [RESULT_OUTPUT]
2024/05/07 15:33:55.105,INFO, [RESULT_OUTPUT]
2024/05/07 15:33:55.136,INFO, [RESULT_OUTPUT]
2024/05/07 15:33:55.167,INFO, [RESULT_OUTPUT]
2024/05/07 15:33:55.198,INFO, [RESULT_OUTPUT]
2024/05/07 15:33:55.229,INFO, [RESULT_OUTPUT]
2024/05/07 15:33:55.260,INFO, [RESULT_OUTPUT]
2024/05/07 15:33:55.291,INFO, [RESULT_OUTPUT]
2024/05/07 15:33:55.322,INFO, [RESULT_OUTPUT]
2024/05/07 15:33:55.352,INFO, [RESULT_OUTPUT]
2024/05/07 15:33:55.383,INFO, [RESULT_OUTPUT]
2024/05/07 15:33:55.414,INFO, [RESULT_OUTPUT]
2024/05/07 15:33:55.445,INFO, [RESULT_OUTPUT]
2024/05/07 15:33:55.476,INFO, [RESULT_OUTPUT]
2024/05/07 15:33:55.507,INFO, [RESULT_OUTPUT]
2024/05/07 15:33:55.538,INFO, [RESULT_OUTPUT]
2024/05/07 15:33:55.568,INFO, [RESULT_OUTPUT]
2024/05/07 15:33:55.599,INFO, [RESULT_OUTPUT]
2024/05/07 15:33:55.630,INFO, [RESULT_OUTPUT]
2024/05/07 15:33:55.661,INFO, [RESULT_OUTPUT]
2024/05/07 15:33:55.692,INFO, [RESULT_OUTPUT]
2024/05/07 15:33:55.723,INFO, [RESULT_OUTPUT]
2024/05/07 15:33:55.754,INFO, [RESULT_OUTPUT]
2024/05/07 15:33:55.785,INFO, [RESULT_OUTPUT]
2024/05/07 15:33:55.815,INFO, [RESULT_OUTPUT]
2024/05/07 15:33:55.846,INFO, [RESULT_OUTPUT]
2024/05/07 15:33:55.876,INFO, [RESULT_OUTPUT]
2024/05/07 15:33:55.907,INFO, [RESULT_OUTPUT]
2024/05/07 15:33:55.938,INFO, [RESULT_OUTPUT]
2024/05/07 15:33:55.968,INFO, [RESULT_OUTPUT]
2024/05/07 15:33:56.000,INFO, [RESULT_OUTPUT]
2024/05/07 15:33:56.031,INFO, [RESULT_OUTPUT]
2024/05/07 15:33:56.061,INFO, [RESULT_OUTPUT]
2024/05/07 15:33:56.092,INFO, [RESULT_OUTPUT]
2024/05/07 15:33:56.122,INFO, [RESULT_OUTPUT]
2024/05/07 15:33:56.154,INFO, [RESULT_OUTPUT]
2024/05/07 15:33:56.185,INFO, [RESULT_OUTPUT]
2024/05/07 15:33:56.215,INFO, [RESULT_OUTPUT]
2024/05/07 15:33:56.247,INFO, [RESULT_OUTPUT]
2024/05/07 15:33:56.277,INFO, [RESULT_OUTPUT]
2024/05/07 15:33:56.308,INFO, [RESULT_OUTPUT]
2024/05/07 15:33:56.339,INFO, [RESULT_OUTPUT]
2024/05/07 15:33:56.370,INFO, [RESULT_OUTPUT]
2024/05/07 15:33:56.401,INFO, [RESULT_OUTPUT]
2024/05/07 15:33:56.432,INFO, [RESULT_OUTPUT]
2024/05/07 15:33:56.463,INFO, [RESULT_OUTPUT]
2024/05/07 15:33:56.494,INFO, [RESULT_OUTPUT]
2024/05/07 15:33:56.525,INFO, [RESULT_OUTPUT]
2024/05/07 15:33:56.556,INFO, [RESULT_OUTPUT]
2024/05/07 15:33:56.586,INFO, [RESULT_OUTPUT]
2024/05/07 15:33:56.617,INFO, [RESULT_OUTPUT]
2024/05/07 15:33:56.648,INFO, [RESULT_OUTPUT]
2024/05/07 15:33:56.679,INFO, [RESULT_OUTPUT]
2024/05/07 15:33:56.710,INFO, [RESULT_OUTPUT]
2024/05/07 15:33:56.741,INFO, [RESULT_OUTPUT]
2024/05/07 15:33:56.772,INFO, [RESULT_OUTPUT]
2024/05/07 15:33:56.803,INFO, [RESULT_OUTPUT]
2024/05/07 15:33:56.834,INFO, [RESULT_OUTPUT]
2024/05/07 15:33:56.865,INFO, [RESULT_OUTPUT]
2024/05/07 15:33:56.895,INFO, [RESULT_OUTPUT]
2024/05/07 15:33:56.926,INFO, [RESULT_OUTPUT]
2024/05/07 15:33:56.956,INFO, [RESULT_OUTPUT]
2024/05/07 15:33:56.987,INFO, [RESULT_OUTPUT]
2024/05/07 15:33:57.017,INFO, [RESULT_OUTPUT]
2024/05/07 15:33:57.048,INFO, [RESULT_OUTPUT]
2024/05/07 15:33:57.078,INFO, [RESULT_OUTPUT]
2024/05/07 15:33:57.109,INFO, [RESULT_OUTPUT]
2024/05/07 15:33:57.140,INFO, [RESULT_OUTPUT]
2024/05/07 15:33:57.170,INFO, [RESULT_OUTPUT]
2024/05/07 15:33:57.201,INFO, [RESULT_OUTPUT]
2024/05/07 15:33:57.232,INFO, [RESULT_OUTPUT]
2024/05/07 15:33:57.262,INFO, [RESULT_OUTPUT]
2024/05/07 15:33:57.292,INFO, [RESULT_OUTPUT]
2024/05/07 15:33:57.323,INFO, [RESULT_OUTPUT]
2024/05/07 15:33:57.354,INFO, [RESULT_OUTPUT]
2024/05/07 15:33:57.385,INFO, [RESULT_OUTPUT]
2024/05/07 15:33:57.416,INFO, [RESULT_OUTPUT]
2024/05/07 15:33:57.447,INFO, [RESULT_OUTPUT]
2024/05/07 15:33:57.478,INFO, [RESULT_OUTPUT]
2024/05/07 15:33:57.509,INFO, [RESULT_OUTPUT]
2024/05/07 15:33:57.540,INFO, [RESULT_OUTPUT]
2024/05/07 15:33:57.570,INFO, [RESULT_OUTPUT]
2024/05/07 15:33:57.600,INFO, [RESULT_OUTPUT]
2024/05/07 15:33:57.631,INFO, [RESULT_OUTPUT]
2024/05/07 15:33:57.662,INFO, [RESULT_OUTPUT]
2024/05/07 15:33:57.693,INFO, [RESULT_OUTPUT]
2024/05/07 15:33:57.724,INFO, [RESULT_OUTPUT]
2024/05/07 15:33:57.755,INFO, [RESULT_OUTPUT]
2024/05/07 15:33:57.785,INFO, [RESULT_OUTPUT]
2024/05/07 15:33:57.816,INFO, [RESULT_OUTPUT]
2024/05/07 15:33:57.847,INFO, [RESULT_OUTPUT]
2024/05/07 15:33:57.878,INFO, [RESULT_OUTPUT]
2024/05/07 15:33:57.909,INFO, [RESULT_OUTPUT]
2024/05/07 15:33:57.939,INFO, [RESULT_OUTPUT]
2024/05/07 15:33:57.970,INFO, [RESULT_OUTPUT]
2024/05/07 15:33:58.001,INFO, [RESULT_OUTPUT]
2024/05/07 15:33:58.032,INFO, [RESULT_OUTPUT]
2024/05/07 15:33:58.062,INFO, [RESULT_OUTPUT]
2024/05/07 15:33:58.092,INFO, [RESULT_OUTPUT]
2024/05/07 15:33:58.122,INFO, [RESULT_OUTPUT]
2024/05/07 15:33:58.153,INFO, [RESULT_OUTPUT]
2024/05/07 15:33:58.184,INFO, [RESULT_OUTPUT]
2024/05/07 15:33:58.215,INFO, [RESULT_OUTPUT]
2024/05/07 15:33:58.246,INFO, [RESULT_OUTPUT]
2024/05/07 15:33:58.277,INFO, [RESULT_OUTPUT]
2024/05/07 15:33:58.308,INFO, [RESULT_OUTPUT]
2024/05/07 15:33:58.339,INFO, [RESULT_OUTPUT]
2024/05/07 15:33:58.369,INFO, [RESULT_OUTPUT]
2024/05/07 15:33:58.400,INFO, [RESULT_OUTPUT]
2024/05/07 15:33:58.430,INFO, [RESULT_OUTPUT]
2024/05/07 15:33:58.461,INFO, [RESULT_OUTPUT]
2024/05/07 15:33:58.492,INFO, [RESULT_OUTPUT]
2024/05/07 15:33:58.523,INFO, [RESULT_OUTPUT]
2024/05/07 15:33:58.554,INFO, [RESULT_OUTPUT]
2024/05/07 15:33:58.585,INFO, [RESULT_OUTPUT]
2024/05/07 15:33:58.615,INFO, [RESULT_OUTPUT]
2024/05/07 15:33:58.646,INFO, [RESULT_OUTPUT]
2024/05/07 15:33:58.676,INFO, [RESULT_OUTPUT]
2024/05/07 15:33:58.707,INFO, [RESULT_OUTPUT]
2024/05/07 15:33:58.738,INFO, [RESULT_OUTPUT]
2024/05/07 15:33:58.769,INFO, [RESULT_OUTPUT]
2024/05/07 15:33:58.799,INFO, [RESULT_OUTPUT]
2024/05/07 15:33:58.831,INFO, [RESULT_OUTPUT]
2024/05/07 15:33:58.861,INFO, [RESULT_OUTPUT]
2024/05/07 15:33:58.892,INFO, [RESULT_OUTPUT]
2024/05/07 15:33:58.923,INFO, [RESULT_OUTPUT]
2024/05/07 15:33:58.954,INFO, [RESULT_OUTPUT]
2024/05/07 15:33:58.985,INFO, [RESULT_OUTPUT]
2024/05/07 15:33:59.016,INFO, [RESULT_OUTPUT]
2024/05/07 15:33:59.047,INFO, [RESULT_OUTPUT]
2024/05/07 15:33:59.078,INFO, [RESULT_OUTPUT]
2024/05/07 15:33:59.109,INFO, [RESULT_OUTPUT]
2024/05/07 15:33:59.140,INFO, [RESULT_OUTPUT]
2024/05/07 15:33:59.171,INFO, [RESULT_OUTPUT]
2024/05/07 15:33:59.202,INFO, [RESULT_OUTPUT]
2024/05/07 15:33:59.232,INFO, [RESULT_OUTPUT]
2024/05/07 15:33:59.263,INFO, [RESULT_OUTPUT]
2024/05/07 15:33:59.294,INFO, [RESULT_OUTPUT]
2024/05/07 15:33:59.325,INFO, [RESULT_OUTPUT]
2024/05/07 15:33:59.355,INFO, [RESULT_OUTPUT]
2024/05/07 15:33:59.386,INFO, [RESULT_OUTPUT]
2024/05/07 15:33:59.416,INFO, [RESULT_OUTPUT]
2024/05/07 15:33:59.447,INFO, [RESULT_OUTPUT]
2024/05/07 15:33:59.478,INFO, [RESULT_OUTPUT]
2024/05/07 15:33:59.509,INFO, [RESULT_OUTPUT]
2024/05/07 15:33:59.540,INFO, [RESULT_OUTPUT]
2024/05/07 15:33:59.571,INFO, [RESULT_OUTPUT]
2024/05/07 15:33:59.602,INFO, [RESULT_OUTPUT]
2024/05/07 15:33:59.633,INFO, [RESULT_OUTPUT]
2024/05/07 15:33:59.664,INFO, [RESULT_OUTPUT]
2024/05/07 15:33:59.695,INFO, [RESULT_OUTPUT]
2024/05/07 15:33:59.726,INFO, [RESULT_OUTPUT]
2024/05/07 15:33:59.757,INFO, [RESULT_OUTPUT]
2024/05/07 15:33:59.788,INFO, [RESULT_OUTPUT]
2024/05/07 15:33:59.819,INFO, [RESULT_OUTPUT]
2024/05/07 15:33:59.850,INFO, [RESULT_OUTPUT]
2024/05/07 15:33:59.881,INFO, [RESULT_OUTPUT]
2024/05/07 15:33:59.912,INFO, [RESULT_OUTPUT]
2024/05/07 15:33:59.943,INFO, [RESULT_OUTPUT]
2024/05/07 15:33:59.974,INFO, [RESULT_OUTPUT]
2024/05/07 15:34:00.005,INFO, [RESULT_OUTPUT]
2024/05/07 15:34:00.036,INFO, [RESULT_OUTPUT]
2024/05/07 15:34:00.067,INFO, [RESULT_OUTPUT]
