2024/04/19 14:52:45.208,INFO,Logger起動
2024/04/19 14:52:45.231,METHOD_IN,PLC_IF.Open(DUMMY;PLC_DUMMY;192.168.0.10;5000)
2024/04/19 14:52:45.790,METHOD_OUT,PLC_IF.Open : STATUS_SUCCESS
2024/04/19 14:52:45.966,METHOD_IN,frmMain Start()
2024/04/19 14:52:45.992,METHOD_IN,frmMain Thread_Cycle()
2024/04/19 14:52:45.997,METHOD_OUT,frmMain Start : STATUS_SUCCESS
2024/04/19 14:52:47.968,METHOD_IN,frmMain ThreadStart()
2024/04/19 14:52:47.976,METHOD_IN,frmMain Thread_Cycle()
2024/04/19 14:52:47.982,METHOD_OUT,frmMain ThreadStart : STATUS_SUCCESS
2024/04/19 14:52:49.323,INFO,受信 : システム停止通知
2024/04/19 14:53:17.939,INFO,受信 : 起動通知
2024/04/19 14:53:17.940,INFO,送信 : 起動通知応答
2024/04/19 14:53:20.529,INFO,受信 : ログイン通知
2024/04/19 14:53:20.529,INFO,送信 : ログイン通知応答
2024/04/19 14:53:22.066,INFO,送信 : 作業Itemリスト取得要求
2024/04/19 14:53:22.071,INFO,受信 : 作業Itemリスト取得要求応答
2024/04/19 14:53:22.202,INFO,受信 : 作業Itemリストデータ通知
2024/04/19 14:53:22.254,INFO,受信 : 作業Itemリストデータ通知
2024/04/19 14:53:22.259,INFO,送信 : 作業Itemリスト取得完了通知応答
2024/04/19 14:53:23.154,ERROR,frmMain CreateWorkInfo() : System.ArgumentOutOfRangeException: Index was out of range. Must be non-negative and less than the size of the collection. (Parameter 'index')
   at System.Collections.Generic.List`1.get_Item(Int32 index)
   at GA6_ControlApp.PlcThread.CreateWorkInfo() in D:\work\PROJECT\MHIET\GA6外観検査\soft\PC\GA6_ControlApp\GA6_ControlApp\PlcThread.cs:line 338
2024/04/19 14:54:08.188,INFO,送信 : 作業ID開始要求
2024/04/19 14:54:08.193,INFO,受信 : 作業ID開始要求応答
2024/04/19 14:54:09.189,SYSTEM,作業IDインデックス : 0   角度インデックス : 0
2024/04/19 14:54:09.191,INFO,送信 : Start要求
2024/04/19 14:54:10.109,INFO,受信 : Start要求応答   (結果 -> OK)
2024/04/19 14:54:11.518,INFO,受信 : 作業Item完了通知(マッチング)
2024/04/19 14:54:11.519,INFO,送信 : 作業Item完了通知応答
2024/04/19 14:54:14.196,SYSTEM,作業IDインデックス : 0   角度インデックス : 0
2024/04/19 14:54:14.196,INFO,送信 : Start要求
2024/04/19 14:54:15.085,INFO,受信 : Start要求応答   (結果 -> OK)
2024/04/19 14:54:16.085,INFO,受信 : 作業Item完了通知(マッチング)
2024/04/19 14:54:16.085,INFO,送信 : 作業Item完了通知応答
2024/04/19 14:54:18.198,SYSTEM,作業IDインデックス : 0   角度インデックス : 0
2024/04/19 14:54:18.198,INFO,送信 : Start要求
2024/04/19 14:54:19.110,INFO,受信 : Start要求応答   (結果 -> OK)
2024/04/19 14:54:20.113,INFO,受信 : 作業Item完了通知(マッチング)
2024/04/19 14:54:20.113,INFO,送信 : 作業Item完了通知応答
2024/04/19 14:54:22.201,SYSTEM,作業IDインデックス : 0   角度インデックス : 0
2024/04/19 14:54:22.201,INFO,送信 : Start要求
2024/04/19 14:54:23.096,INFO,受信 : Start要求応答   (結果 -> OK)
2024/04/19 14:54:24.094,INFO,受信 : 作業Item完了通知(マッチング)
2024/04/19 14:54:24.094,INFO,送信 : 作業Item完了通知応答
2024/04/19 14:54:26.203,SYSTEM,作業IDインデックス : 0   角度インデックス : 0
2024/04/19 14:54:26.203,INFO,送信 : Start要求
2024/04/19 14:54:27.105,INFO,受信 : Start要求応答   (結果 -> OK)
2024/04/19 14:54:28.106,INFO,受信 : 作業Item完了通知(マッチング)
2024/04/19 14:54:28.106,INFO,送信 : 作業Item完了通知応答
2024/04/19 14:54:30.206,SYSTEM,作業IDインデックス : 0   角度インデックス : 0
2024/04/19 14:54:30.206,INFO,送信 : Start要求
2024/04/19 14:54:31.116,INFO,受信 : Start要求応答   (結果 -> OK)
2024/04/19 14:54:32.101,INFO,受信 : 作業Item完了通知(マッチング)
2024/04/19 14:54:32.101,INFO,送信 : 作業Item完了通知応答
