2024/05/07 15:59:55.898,INFO,Logger起動
2024/05/07 15:59:55.941,METHOD_IN,PLC_IF.Open(DUMMY;PLC_DUMMY;192.168.0.10;5000)
2024/05/07 15:59:56.654,METHOD_OUT,PLC_IF.Open : STATUS_SUCCESS
2024/05/07 15:59:56.748,METHOD_IN,PlcThread Start()
2024/05/07 15:59:56.754,METHOD_IN,PlcThread Thread_Cycle()
2024/05/07 15:59:56.764,METHOD_OUT,PlcThread Start : STATUS_SUCCESS
2024/05/07 15:59:58.238,METHOD_IN,frmMain ThreadStart()
2024/05/07 15:59:58.246,METHOD_IN,frmMain Thread_Cycle()
2024/05/07 15:59:58.252,METHOD_OUT,frmMain ThreadStart : STATUS_SUCCESS
2024/05/07 15:59:59.407,INFO,192.168.0.12 50020 受信 起動通知 0x42AEFB73
2024/05/07 15:59:59.408,INFO,192.168.0.12 50020 送信 起動通知応答 0x42AEFB73
2024/05/07 15:59:59.412,INFO,192.168.0.12 50020 受信 起動通知 0x42AEFB73
2024/05/07 15:59:59.412,INFO,192.168.0.12 50020 送信 起動通知応答 0x42AEFB73
2024/05/07 15:59:59.415,INFO,192.168.0.12 50020 受信 ログイン通知
2024/05/07 15:59:59.415,INFO,192.168.0.12 50020 送信 ログイン通知応答
2024/05/07 16:00:00.320,INFO,192.168.0.11 50010 受信 起動通知 0x3FAEFB73
2024/05/07 16:00:00.320,INFO,192.168.0.11 50010 送信 起動通知応答 0x3FAEFB73
2024/05/07 16:00:00.323,INFO,192.168.0.11 50010 受信 起動通知 0x3FAEFB73
2024/05/07 16:00:00.323,INFO,192.168.0.11 50010 送信 起動通知応答 0x3FAEFB73
2024/05/07 16:00:00.326,INFO,192.168.0.11 50010 受信 ログイン通知
2024/05/07 16:00:00.326,INFO,192.168.0.11 50010 送信 ログイン通知応答
2024/05/07 16:00:00.329,INFO,192.168.0.11 50010 受信 ログイン通知
2024/05/07 16:00:00.329,INFO,192.168.0.11 50010 送信 ログイン通知応答
2024/05/07 16:00:00.335,INFO,カメラ通信初期化 完了
2024/05/07 16:00:00.398,INFO,192.168.0.11 50010 送信 作業Itemリスト取得要求
2024/05/07 16:00:00.398,INFO,192.168.0.12 50020 送信 作業Itemリスト取得要求
2024/05/07 16:00:00.402,INFO,192.168.0.11 50010 受信 作業Itemリスト取得要求応答
2024/05/07 16:00:00.403,INFO,192.168.0.12 50020 受信 作業Itemリスト取得要求応答
2024/05/07 16:00:00.533,INFO,192.168.0.11 50010 受信 作業Itemリストデータ通知
2024/05/07 16:00:00.543,INFO,192.168.0.12 50020 受信 作業Itemリストデータ通知
2024/05/07 16:00:00.584,INFO,192.168.0.11 50010 受信 作業Itemリストデータ通知
2024/05/07 16:00:00.597,INFO,192.168.0.12 50020 受信 作業Itemリストデータ通知
2024/05/07 16:00:00.627,INFO,192.168.0.11 50010 受信 作業Itemリストデータ通知
2024/05/07 16:00:00.628,INFO,192.168.0.11 50010 送信 作業Itemリスト取得完了通知応答
2024/05/07 16:00:00.643,INFO,192.168.0.12 50020 受信 作業Itemリストデータ通知
2024/05/07 16:00:00.643,INFO,192.168.0.12 50020 送信 作業Itemリスト取得完了通知応答
2024/05/07 16:00:00.684,INFO,機種情報取得 完了
2024/05/07 16:00:07.687,INFO, [NONE]
2024/05/07 16:00:07.687,INFO, [NONE]
2024/05/07 16:00:07.717,INFO, [WAITING]
2024/05/07 16:00:07.717,INFO, [WAITING]
2024/05/07 16:00:07.748,INFO, [ITEM_INPUT_COMP]
2024/05/07 16:00:07.748,INFO, [ITEM_INPUT_COMP]
2024/05/07 16:00:07.779,INFO, [EXAM_WAITING]
2024/05/07 16:00:07.779,INFO, [EXAM_WAITING]
2024/05/07 16:00:07.810,INFO, [EXAM_WORK_ID_SEND]
2024/05/07 16:00:07.810,INFO,192.168.0.11 50010 送信 作業ID開始要求
2024/05/07 16:00:07.810,INFO, [EXAM_WORK_ID_SEND]
2024/05/07 16:00:07.810,INFO,192.168.0.12 50020 送信 作業ID開始要求
2024/05/07 16:00:07.815,INFO,192.168.0.11 50010 受信 作業ID開始要求応答 (結果 -> OK)
2024/05/07 16:00:07.815,INFO,192.168.0.12 50020 受信 作業ID開始要求応答 (結果 -> OK)
2024/05/07 16:00:07.841,INFO, [EXAM_START_SEND]
2024/05/07 16:00:08.142,SYSTEM,作業IDインデックス : 0   角度インデックス : 0
2024/05/07 16:00:08.143,INFO,192.168.0.11 50010 送信 Start要求
2024/05/07 16:00:08.143,INFO, [EXAM_START_SEND]
2024/05/07 16:00:08.143,SYSTEM,作業IDインデックス : 0   角度インデックス : 0
2024/05/07 16:00:08.143,INFO,192.168.0.12 50020 送信 Start要求
2024/05/07 16:00:09.043,INFO,192.168.0.12 50020 受信 Start要求応答 (結果 -> OK)
2024/05/07 16:00:09.369,INFO,192.168.0.11 50010 受信 Start要求応答 (結果 -> NG) (エラーコード -> 0x0702)
2024/05/07 16:00:10.570,INFO,192.168.0.12 50020 受信 作業Item完了通知(マッチング) (結果->OK)
2024/05/07 16:00:10.571,INFO,192.168.0.12 50020 送信 作業Item完了通知応答
2024/05/07 16:00:10.575,INFO,192.168.0.12 50020 受信 作業ID完了通知
2024/05/07 16:00:10.576,INFO,192.168.0.12 50020 送信 作業ID完了通知応答
2024/05/07 16:00:10.607,INFO, [RESULT_OUTPUT]
2024/05/07 16:00:10.638,INFO, [RESULT_OUTPUT]
2024/05/07 16:00:10.669,INFO, [RESULT_OUTPUT]
2024/05/07 16:00:10.699,INFO, [RESULT_OUTPUT]
2024/05/07 16:00:10.730,INFO, [RESULT_OUTPUT]
2024/05/07 16:00:10.761,INFO, [RESULT_OUTPUT]
2024/05/07 16:00:10.792,INFO, [RESULT_OUTPUT]
2024/05/07 16:00:10.823,INFO, [RESULT_OUTPUT]
2024/05/07 16:00:10.854,INFO, [RESULT_OUTPUT]
2024/05/07 16:00:10.885,INFO, [RESULT_OUTPUT]
2024/05/07 16:00:10.916,INFO, [RESULT_OUTPUT]
2024/05/07 16:00:10.946,INFO, [RESULT_OUTPUT]
2024/05/07 16:00:10.977,INFO, [RESULT_OUTPUT]
2024/05/07 16:00:11.008,INFO, [RESULT_OUTPUT]
2024/05/07 16:00:11.039,INFO, [RESULT_OUTPUT]
2024/05/07 16:00:11.070,INFO, [RESULT_OUTPUT]
2024/05/07 16:00:11.101,INFO, [RESULT_OUTPUT]
2024/05/07 16:00:11.132,INFO, [RESULT_OUTPUT]
2024/05/07 16:00:11.163,INFO, [RESULT_OUTPUT]
2024/05/07 16:00:11.194,INFO, [RESULT_OUTPUT]
2024/05/07 16:00:11.225,INFO, [RESULT_OUTPUT]
2024/05/07 16:00:11.256,INFO, [RESULT_OUTPUT]
2024/05/07 16:00:11.286,INFO, [RESULT_OUTPUT]
2024/05/07 16:00:11.317,INFO, [RESULT_OUTPUT]
2024/05/07 16:00:11.348,INFO, [RESULT_OUTPUT]
2024/05/07 16:00:11.379,INFO, [RESULT_OUTPUT]
2024/05/07 16:00:11.410,INFO, [RESULT_OUTPUT]
2024/05/07 16:00:11.441,INFO, [RESULT_OUTPUT]
2024/05/07 16:00:11.472,INFO, [RESULT_OUTPUT]
2024/05/07 16:00:11.503,INFO, [RESULT_OUTPUT]
2024/05/07 16:00:11.533,INFO, [RESULT_OUTPUT]
2024/05/07 16:00:11.564,INFO, [RESULT_OUTPUT]
2024/05/07 16:00:11.594,INFO, [RESULT_OUTPUT]
2024/05/07 16:00:11.625,INFO, [RESULT_OUTPUT]
2024/05/07 16:00:11.656,INFO, [RESULT_OUTPUT]
2024/05/07 16:00:11.687,INFO, [RESULT_OUTPUT]
2024/05/07 16:00:11.718,INFO, [RESULT_OUTPUT]
2024/05/07 16:00:11.748,INFO, [RESULT_OUTPUT]
2024/05/07 16:00:11.778,INFO, [RESULT_OUTPUT]
2024/05/07 16:00:11.809,INFO, [RESULT_OUTPUT]
2024/05/07 16:00:11.840,INFO, [RESULT_OUTPUT]
2024/05/07 16:00:11.871,INFO, [RESULT_OUTPUT]
2024/05/07 16:00:11.902,INFO, [RESULT_OUTPUT]
2024/05/07 16:00:11.933,INFO, [RESULT_OUTPUT]
2024/05/07 16:00:11.964,INFO, [RESULT_OUTPUT]
2024/05/07 16:00:11.995,INFO, [RESULT_OUTPUT]
2024/05/07 16:00:12.025,INFO, [RESULT_OUTPUT]
2024/05/07 16:00:12.056,INFO, [RESULT_OUTPUT]
2024/05/07 16:00:12.087,INFO, [RESULT_OUTPUT]
2024/05/07 16:00:12.118,INFO, [RESULT_OUTPUT]
2024/05/07 16:00:12.149,INFO, [RESULT_OUTPUT]
2024/05/07 16:00:12.180,INFO, [RESULT_OUTPUT]
2024/05/07 16:00:12.211,INFO, [RESULT_OUTPUT]
2024/05/07 16:00:12.242,INFO, [RESULT_OUTPUT]
2024/05/07 16:00:12.273,INFO, [RESULT_OUTPUT]
2024/05/07 16:00:12.304,INFO, [RESULT_OUTPUT]
2024/05/07 16:00:12.335,INFO, [RESULT_OUTPUT]
2024/05/07 16:00:12.365,INFO, [RESULT_OUTPUT]
2024/05/07 16:00:12.396,INFO, [RESULT_OUTPUT]
2024/05/07 16:00:12.426,INFO, [RESULT_OUTPUT]
2024/05/07 16:00:12.457,INFO, [RESULT_OUTPUT]
2024/05/07 16:00:12.487,INFO, [RESULT_OUTPUT]
2024/05/07 16:00:12.518,INFO, [RESULT_OUTPUT]
2024/05/07 16:00:12.549,INFO, [RESULT_OUTPUT]
2024/05/07 16:00:12.579,INFO, [RESULT_OUTPUT]
2024/05/07 16:00:12.610,INFO, [RESULT_OUTPUT]
2024/05/07 16:00:12.641,INFO, [RESULT_OUTPUT]
2024/05/07 16:00:12.672,INFO, [RESULT_OUTPUT]
2024/05/07 16:00:12.703,INFO, [RESULT_OUTPUT]
2024/05/07 16:00:12.734,INFO, [RESULT_OUTPUT]
2024/05/07 16:00:12.765,INFO, [RESULT_OUTPUT]
2024/05/07 16:00:12.796,INFO, [RESULT_OUTPUT]
2024/05/07 16:00:12.826,INFO, [RESULT_OUTPUT]
2024/05/07 16:00:12.856,INFO, [RESULT_OUTPUT]
2024/05/07 16:00:12.887,INFO, [RESULT_OUTPUT]
2024/05/07 16:00:12.918,INFO, [RESULT_OUTPUT]
2024/05/07 16:00:12.949,INFO, [RESULT_OUTPUT]
2024/05/07 16:00:12.980,INFO, [RESULT_OUTPUT]
2024/05/07 16:00:13.011,INFO, [RESULT_OUTPUT]
2024/05/07 16:00:13.042,INFO, [RESULT_OUTPUT]
2024/05/07 16:00:13.073,INFO, [RESULT_OUTPUT]
2024/05/07 16:00:13.104,INFO, [RESULT_OUTPUT]
2024/05/07 16:00:13.135,INFO, [RESULT_OUTPUT]
2024/05/07 16:00:13.166,INFO, [RESULT_OUTPUT]
2024/05/07 16:00:13.197,INFO, [RESULT_OUTPUT]
2024/05/07 16:00:13.228,INFO, [RESULT_OUTPUT]
2024/05/07 16:00:13.258,INFO, [RESULT_OUTPUT]
2024/05/07 16:00:13.289,INFO, [RESULT_OUTPUT]
2024/05/07 16:00:13.320,INFO, [RESULT_OUTPUT]
2024/05/07 16:00:13.350,INFO, [RESULT_OUTPUT]
2024/05/07 16:00:13.381,INFO, [RESULT_OUTPUT]
2024/05/07 16:00:13.411,INFO, [RESULT_OUTPUT]
2024/05/07 16:00:13.442,INFO, [RESULT_OUTPUT]
2024/05/07 16:00:13.473,INFO, [RESULT_OUTPUT]
2024/05/07 16:00:13.503,INFO, [RESULT_OUTPUT]
2024/05/07 16:00:13.533,INFO, [RESULT_OUTPUT]
2024/05/07 16:00:13.564,INFO, [RESULT_OUTPUT]
2024/05/07 16:00:13.595,INFO, [RESULT_OUTPUT]
2024/05/07 16:00:13.626,INFO, [RESULT_OUTPUT]
2024/05/07 16:00:13.656,INFO, [RESULT_OUTPUT]
2024/05/07 16:00:13.687,INFO, [RESULT_OUTPUT]
2024/05/07 16:00:13.717,INFO, [RESULT_OUTPUT]
2024/05/07 16:00:13.748,INFO, [RESULT_OUTPUT]
2024/05/07 16:00:13.779,INFO, [RESULT_OUTPUT]
2024/05/07 16:00:13.810,INFO, [RESULT_OUTPUT]
2024/05/07 16:00:13.840,INFO, [RESULT_OUTPUT]
2024/05/07 16:00:13.870,INFO, [RESULT_OUTPUT]
2024/05/07 16:00:13.901,INFO, [RESULT_OUTPUT]
2024/05/07 16:00:13.931,INFO, [RESULT_OUTPUT]
2024/05/07 16:00:13.962,INFO, [RESULT_OUTPUT]
2024/05/07 16:00:13.994,INFO, [RESULT_OUTPUT]
2024/05/07 16:00:14.024,INFO, [RESULT_OUTPUT]
2024/05/07 16:00:14.055,INFO, [RESULT_OUTPUT]
2024/05/07 16:00:14.086,INFO, [RESULT_OUTPUT]
2024/05/07 16:00:14.116,INFO, [RESULT_OUTPUT]
2024/05/07 16:00:14.147,INFO, [RESULT_OUTPUT]
2024/05/07 16:00:14.178,INFO, [RESULT_OUTPUT]
2024/05/07 16:00:14.208,INFO, [RESULT_OUTPUT]
2024/05/07 16:00:14.239,INFO, [RESULT_OUTPUT]
2024/05/07 16:00:14.269,INFO, [RESULT_OUTPUT]
2024/05/07 16:00:14.299,INFO, [RESULT_OUTPUT]
2024/05/07 16:00:14.330,INFO, [RESULT_OUTPUT]
2024/05/07 16:00:14.361,INFO, [RESULT_OUTPUT]
2024/05/07 16:00:14.392,INFO, [RESULT_OUTPUT]
2024/05/07 16:00:14.422,INFO, [RESULT_OUTPUT]
2024/05/07 16:00:14.454,INFO, [RESULT_OUTPUT]
2024/05/07 16:00:14.485,INFO, [RESULT_OUTPUT]
2024/05/07 16:00:14.516,INFO, [RESULT_OUTPUT]
2024/05/07 16:00:14.548,INFO, [RESULT_OUTPUT]
2024/05/07 16:00:14.579,INFO, [RESULT_OUTPUT]
2024/05/07 16:00:14.610,INFO, [RESULT_OUTPUT]
2024/05/07 16:00:14.641,INFO, [RESULT_OUTPUT]
2024/05/07 16:00:14.672,INFO, [RESULT_OUTPUT]
2024/05/07 16:00:14.703,INFO, [RESULT_OUTPUT]
2024/05/07 16:00:14.734,INFO, [RESULT_OUTPUT]
2024/05/07 16:00:14.765,INFO, [RESULT_OUTPUT]
2024/05/07 16:00:14.796,INFO, [RESULT_OUTPUT]
2024/05/07 16:00:14.827,INFO, [RESULT_OUTPUT]
2024/05/07 16:00:14.858,INFO, [RESULT_OUTPUT]
2024/05/07 16:00:14.889,INFO, [RESULT_OUTPUT]
2024/05/07 16:00:14.919,INFO, [RESULT_OUTPUT]
2024/05/07 16:00:14.950,INFO, [RESULT_OUTPUT]
2024/05/07 16:00:14.981,INFO, [RESULT_OUTPUT]
2024/05/07 16:00:15.012,INFO, [RESULT_OUTPUT]
2024/05/07 16:00:15.043,INFO, [RESULT_OUTPUT]
2024/05/07 16:00:15.073,INFO, [RESULT_OUTPUT]
2024/05/07 16:00:15.103,INFO, [RESULT_OUTPUT]
2024/05/07 16:00:15.134,INFO, [RESULT_OUTPUT]
